{"numFailedTestSuites":14,"numFailedTests":58,"numPassedTestSuites":50,"numPassedTests":401,"numPendingTestSuites":3,"numPendingTests":4,"numRuntimeErrorTestSuites":5,"numTodoTests":0,"numTotalTestSuites":67,"numTotalTests":463,"openHandles":[],"snapshot":{"added":0,"didUpdate":false,"failure":false,"filesAdded":0,"filesRemoved":0,"filesRemovedList":[],"filesUnmatched":0,"filesUpdated":0,"matched":0,"total":0,"unchecked":0,"uncheckedKeysByFile":[],"unmatched":0,"updated":0},"startTime":1751090828619,"success":false,"testResults":[{"assertionResults":[{"ancestorTitles":["FeedbackUploader","Snapshot Generation"],"duration":7,"failing":false,"failureDetails":[{}],"failureMessages":["TypeError: Cannot read properties of undefined (reading 'mockResolvedValue')\n    at Object.mockResolvedValue (C:\\Users\\marsh\\Desktop\\AlphaFrame\\apps\\web\\tests\\unit\\services\\FeedbackUploader.test.js:122:39)\n    at Promise.finally.completed (C:\\Users\\marsh\\Desktop\\AlphaFrame\\node_modules\\.pnpm\\jest-circus@30.0.3\\node_modules\\jest-circus\\build\\jestAdapterInit.js:1559:28)\n    at new Promise (<anonymous>)\n    at callAsyncCircusFn (C:\\Users\\marsh\\Desktop\\AlphaFrame\\node_modules\\.pnpm\\jest-circus@30.0.3\\node_modules\\jest-circus\\build\\jestAdapterInit.js:1499:10)\n    at _callCircusTest (C:\\Users\\marsh\\Desktop\\AlphaFrame\\node_modules\\.pnpm\\jest-circus@30.0.3\\node_modules\\jest-circus\\build\\jestAdapterInit.js:1009:40)\n    at _runTest (C:\\Users\\marsh\\Desktop\\AlphaFrame\\node_modules\\.pnpm\\jest-circus@30.0.3\\node_modules\\jest-circus\\build\\jestAdapterInit.js:949:3)\n    at _runTestsForDescribeBlock (C:\\Users\\marsh\\Desktop\\AlphaFrame\\node_modules\\.pnpm\\jest-circus@30.0.3\\node_modules\\jest-circus\\build\\jestAdapterInit.js:839:13)\n    at _runTestsForDescribeBlock (C:\\Users\\marsh\\Desktop\\AlphaFrame\\node_modules\\.pnpm\\jest-circus@30.0.3\\node_modules\\jest-circus\\build\\jestAdapterInit.js:829:11)\n    at _runTestsForDescribeBlock (C:\\Users\\marsh\\Desktop\\AlphaFrame\\node_modules\\.pnpm\\jest-circus@30.0.3\\node_modules\\jest-circus\\build\\jestAdapterInit.js:829:11)\n    at run (C:\\Users\\marsh\\Desktop\\AlphaFrame\\node_modules\\.pnpm\\jest-circus@30.0.3\\node_modules\\jest-circus\\build\\jestAdapterInit.js:757:3)\n    at runAndTransformResultsToJestFormat (C:\\Users\\marsh\\Desktop\\AlphaFrame\\node_modules\\.pnpm\\jest-circus@30.0.3\\node_modules\\jest-circus\\build\\jestAdapterInit.js:1920:21)\n    at jestAdapter (C:\\Users\\marsh\\Desktop\\AlphaFrame\\node_modules\\.pnpm\\jest-circus@30.0.3\\node_modules\\jest-circus\\build\\runner.js:101:19)\n    at runTestInternal (C:\\Users\\marsh\\Desktop\\AlphaFrame\\node_modules\\.pnpm\\jest-runner@30.0.3\\node_modules\\jest-runner\\build\\index.js:272:16)\n    at runTest (C:\\Users\\marsh\\Desktop\\AlphaFrame\\node_modules\\.pnpm\\jest-runner@30.0.3\\node_modules\\jest-runner\\build\\index.js:340:7)"],"fullName":"FeedbackUploader Snapshot Generation should generate snapshot with all data types","invocations":1,"location":null,"numPassingAsserts":0,"retryReasons":[],"startAt":1751090831322,"status":"failed","title":"should generate snapshot with all data types"},{"ancestorTitles":["FeedbackUploader","Snapshot Generation"],"duration":1,"failing":false,"failureDetails":[{}],"failureMessages":["TypeError: Cannot read properties of undefined (reading 'mockResolvedValue')\n    at Object.mockResolvedValue (C:\\Users\\marsh\\Desktop\\AlphaFrame\\apps\\web\\tests\\unit\\services\\FeedbackUploader.test.js:159:39)\n    at Promise.finally.completed (C:\\Users\\marsh\\Desktop\\AlphaFrame\\node_modules\\.pnpm\\jest-circus@30.0.3\\node_modules\\jest-circus\\build\\jestAdapterInit.js:1559:28)\n    at new Promise (<anonymous>)\n    at callAsyncCircusFn (C:\\Users\\marsh\\Desktop\\AlphaFrame\\node_modules\\.pnpm\\jest-circus@30.0.3\\node_modules\\jest-circus\\build\\jestAdapterInit.js:1499:10)\n    at _callCircusTest (C:\\Users\\marsh\\Desktop\\AlphaFrame\\node_modules\\.pnpm\\jest-circus@30.0.3\\node_modules\\jest-circus\\build\\jestAdapterInit.js:1009:40)\n    at _runTest (C:\\Users\\marsh\\Desktop\\AlphaFrame\\node_modules\\.pnpm\\jest-circus@30.0.3\\node_modules\\jest-circus\\build\\jestAdapterInit.js:949:3)\n    at _runTestsForDescribeBlock (C:\\Users\\marsh\\Desktop\\AlphaFrame\\node_modules\\.pnpm\\jest-circus@30.0.3\\node_modules\\jest-circus\\build\\jestAdapterInit.js:839:13)\n    at _runTestsForDescribeBlock (C:\\Users\\marsh\\Desktop\\AlphaFrame\\node_modules\\.pnpm\\jest-circus@30.0.3\\node_modules\\jest-circus\\build\\jestAdapterInit.js:829:11)\n    at _runTestsForDescribeBlock (C:\\Users\\marsh\\Desktop\\AlphaFrame\\node_modules\\.pnpm\\jest-circus@30.0.3\\node_modules\\jest-circus\\build\\jestAdapterInit.js:829:11)\n    at run (C:\\Users\\marsh\\Desktop\\AlphaFrame\\node_modules\\.pnpm\\jest-circus@30.0.3\\node_modules\\jest-circus\\build\\jestAdapterInit.js:757:3)\n    at runAndTransformResultsToJestFormat (C:\\Users\\marsh\\Desktop\\AlphaFrame\\node_modules\\.pnpm\\jest-circus@30.0.3\\node_modules\\jest-circus\\build\\jestAdapterInit.js:1920:21)\n    at jestAdapter (C:\\Users\\marsh\\Desktop\\AlphaFrame\\node_modules\\.pnpm\\jest-circus@30.0.3\\node_modules\\jest-circus\\build\\runner.js:101:19)\n    at runTestInternal (C:\\Users\\marsh\\Desktop\\AlphaFrame\\node_modules\\.pnpm\\jest-runner@30.0.3\\node_modules\\jest-runner\\build\\index.js:272:16)\n    at runTest (C:\\Users\\marsh\\Desktop\\AlphaFrame\\node_modules\\.pnpm\\jest-runner@30.0.3\\node_modules\\jest-runner\\build\\index.js:340:7)"],"fullName":"FeedbackUploader Snapshot Generation should generate snapshot with selected data types only","invocations":1,"location":null,"numPassingAsserts":0,"retryReasons":[],"startAt":1751090831355,"status":"failed","title":"should generate snapshot with selected data types only"},{"ancestorTitles":["FeedbackUploader","Snapshot Generation"],"duration":1,"failing":false,"failureDetails":[{}],"failureMessages":["TypeError: Cannot read properties of undefined (reading 'mockResolvedValue')\n    at Object.mockResolvedValue (C:\\Users\\marsh\\Desktop\\AlphaFrame\\apps\\web\\tests\\unit\\services\\FeedbackUploader.test.js:176:39)\n    at Promise.finally.completed (C:\\Users\\marsh\\Desktop\\AlphaFrame\\node_modules\\.pnpm\\jest-circus@30.0.3\\node_modules\\jest-circus\\build\\jestAdapterInit.js:1559:28)\n    at new Promise (<anonymous>)\n    at callAsyncCircusFn (C:\\Users\\marsh\\Desktop\\AlphaFrame\\node_modules\\.pnpm\\jest-circus@30.0.3\\node_modules\\jest-circus\\build\\jestAdapterInit.js:1499:10)\n    at _callCircusTest (C:\\Users\\marsh\\Desktop\\AlphaFrame\\node_modules\\.pnpm\\jest-circus@30.0.3\\node_modules\\jest-circus\\build\\jestAdapterInit.js:1009:40)\n    at _runTest (C:\\Users\\marsh\\Desktop\\AlphaFrame\\node_modules\\.pnpm\\jest-circus@30.0.3\\node_modules\\jest-circus\\build\\jestAdapterInit.js:949:3)\n    at _runTestsForDescribeBlock (C:\\Users\\marsh\\Desktop\\AlphaFrame\\node_modules\\.pnpm\\jest-circus@30.0.3\\node_modules\\jest-circus\\build\\jestAdapterInit.js:839:13)\n    at _runTestsForDescribeBlock (C:\\Users\\marsh\\Desktop\\AlphaFrame\\node_modules\\.pnpm\\jest-circus@30.0.3\\node_modules\\jest-circus\\build\\jestAdapterInit.js:829:11)\n    at _runTestsForDescribeBlock (C:\\Users\\marsh\\Desktop\\AlphaFrame\\node_modules\\.pnpm\\jest-circus@30.0.3\\node_modules\\jest-circus\\build\\jestAdapterInit.js:829:11)\n    at run (C:\\Users\\marsh\\Desktop\\AlphaFrame\\node_modules\\.pnpm\\jest-circus@30.0.3\\node_modules\\jest-circus\\build\\jestAdapterInit.js:757:3)\n    at runAndTransformResultsToJestFormat (C:\\Users\\marsh\\Desktop\\AlphaFrame\\node_modules\\.pnpm\\jest-circus@30.0.3\\node_modules\\jest-circus\\build\\jestAdapterInit.js:1920:21)\n    at jestAdapter (C:\\Users\\marsh\\Desktop\\AlphaFrame\\node_modules\\.pnpm\\jest-circus@30.0.3\\node_modules\\jest-circus\\build\\runner.js:101:19)\n    at runTestInternal (C:\\Users\\marsh\\Desktop\\AlphaFrame\\node_modules\\.pnpm\\jest-runner@30.0.3\\node_modules\\jest-runner\\build\\index.js:272:16)\n    at runTest (C:\\Users\\marsh\\Desktop\\AlphaFrame\\node_modules\\.pnpm\\jest-runner@30.0.3\\node_modules\\jest-runner\\build\\index.js:340:7)"],"fullName":"FeedbackUploader Snapshot Generation should handle encryption failure gracefully","invocations":1,"location":null,"numPassingAsserts":0,"retryReasons":[],"startAt":1751090831357,"status":"failed","title":"should handle encryption failure gracefully"},{"ancestorTitles":["FeedbackUploader","Snapshot Generation"],"duration":3,"failing":false,"failureDetails":[{}],"failureMessages":["TypeError: Cannot read properties of undefined (reading 'mockResolvedValue')\n    at Object.mockResolvedValue (C:\\Users\\marsh\\Desktop\\AlphaFrame\\apps\\web\\tests\\unit\\services\\FeedbackUploader.test.js:194:33)\n    at Promise.finally.completed (C:\\Users\\marsh\\Desktop\\AlphaFrame\\node_modules\\.pnpm\\jest-circus@30.0.3\\node_modules\\jest-circus\\build\\jestAdapterInit.js:1559:28)\n    at new Promise (<anonymous>)\n    at callAsyncCircusFn (C:\\Users\\marsh\\Desktop\\AlphaFrame\\node_modules\\.pnpm\\jest-circus@30.0.3\\node_modules\\jest-circus\\build\\jestAdapterInit.js:1499:10)\n    at _callCircusTest (C:\\Users\\marsh\\Desktop\\AlphaFrame\\node_modules\\.pnpm\\jest-circus@30.0.3\\node_modules\\jest-circus\\build\\jestAdapterInit.js:1009:40)\n    at _runTest (C:\\Users\\marsh\\Desktop\\AlphaFrame\\node_modules\\.pnpm\\jest-circus@30.0.3\\node_modules\\jest-circus\\build\\jestAdapterInit.js:949:3)\n    at _runTestsForDescribeBlock (C:\\Users\\marsh\\Desktop\\AlphaFrame\\node_modules\\.pnpm\\jest-circus@30.0.3\\node_modules\\jest-circus\\build\\jestAdapterInit.js:839:13)\n    at _runTestsForDescribeBlock (C:\\Users\\marsh\\Desktop\\AlphaFrame\\node_modules\\.pnpm\\jest-circus@30.0.3\\node_modules\\jest-circus\\build\\jestAdapterInit.js:829:11)\n    at _runTestsForDescribeBlock (C:\\Users\\marsh\\Desktop\\AlphaFrame\\node_modules\\.pnpm\\jest-circus@30.0.3\\node_modules\\jest-circus\\build\\jestAdapterInit.js:829:11)\n    at run (C:\\Users\\marsh\\Desktop\\AlphaFrame\\node_modules\\.pnpm\\jest-circus@30.0.3\\node_modules\\jest-circus\\build\\jestAdapterInit.js:757:3)\n    at runAndTransformResultsToJestFormat (C:\\Users\\marsh\\Desktop\\AlphaFrame\\node_modules\\.pnpm\\jest-circus@30.0.3\\node_modules\\jest-circus\\build\\jestAdapterInit.js:1920:21)\n    at jestAdapter (C:\\Users\\marsh\\Desktop\\AlphaFrame\\node_modules\\.pnpm\\jest-circus@30.0.3\\node_modules\\jest-circus\\build\\runner.js:101:19)\n    at runTestInternal (C:\\Users\\marsh\\Desktop\\AlphaFrame\\node_modules\\.pnpm\\jest-runner@30.0.3\\node_modules\\jest-runner\\build\\index.js:272:16)\n    at runTest (C:\\Users\\marsh\\Desktop\\AlphaFrame\\node_modules\\.pnpm\\jest-runner@30.0.3\\node_modules\\jest-runner\\build\\index.js:340:7)"],"fullName":"FeedbackUploader Snapshot Generation should handle missing required fields","invocations":1,"location":null,"numPassingAsserts":0,"retryReasons":[],"startAt":1751090831362,"status":"failed","title":"should handle missing required fields"},{"ancestorTitles":["FeedbackUploader","Export Functionality"],"duration":2,"failing":false,"failureDetails":[{}],"failureMessages":["TypeError: _ExecutionLogService.default.logError is not a function\n    at FeedbackUploader.logError [as exportSnapshot] (C:\\Users\\marsh\\Desktop\\AlphaFrame\\apps\\web\\src\\lib\\services\\FeedbackUploader.js:128:33)\n    at Object.<anonymous> (C:\\Users\\marsh\\Desktop\\AlphaFrame\\apps\\web\\tests\\unit\\services\\FeedbackUploader.test.js:212:22)"],"fullName":"FeedbackUploader Export Functionality should export snapshot as file","invocations":1,"location":null,"numPassingAsserts":0,"retryReasons":[],"startAt":1751090831367,"status":"failed","title":"should export snapshot as file"},{"ancestorTitles":["FeedbackUploader","Export Functionality"],"duration":5,"failing":false,"failureDetails":[{}],"failureMessages":["TypeError: _ExecutionLogService.default.logError is not a function\n    at FeedbackUploader.logError [as exportSnapshot] (C:\\Users\\marsh\\Desktop\\AlphaFrame\\apps\\web\\src\\lib\\services\\FeedbackUploader.js:128:33)\n    at Object.<anonymous> (C:\\Users\\marsh\\Desktop\\AlphaFrame\\apps\\web\\tests\\unit\\services\\FeedbackUploader.test.js:229:22)"],"fullName":"FeedbackUploader Export Functionality should export snapshot to clipboard","invocations":1,"location":null,"numPassingAsserts":0,"retryReasons":[],"startAt":1751090831374,"status":"failed","title":"should export snapshot to clipboard"},{"ancestorTitles":["FeedbackUploader","Export Functionality"],"duration":22,"failing":false,"failureDetails":[{"matcherResult":{"message":"\u001b[2mexpect(\u001b[22m\u001b[31mreceived\u001b[39m\u001b[2m).\u001b[22mrejects\u001b[2m.\u001b[22mtoThrow\u001b[2m(\u001b[22m\u001b[32mexpected\u001b[39m\u001b[2m)\u001b[22m\n\nExpected substring: \u001b[32m\"Failed to export snapshot in clipboard format\"\u001b[39m\nReceived message:   \u001b[31m\"_ExecutionLogService.default.logError is not a function\"\u001b[39m\n\n    \u001b[0m \u001b[90m 126 |\u001b[39m\n     \u001b[90m 127 |\u001b[39m     } \u001b[36mcatch\u001b[39m (error) {\n    \u001b[31m\u001b[1m>\u001b[22m\u001b[39m\u001b[90m 128 |\u001b[39m       \u001b[36mawait\u001b[39m executionLogService\u001b[33m.\u001b[39mlogError(\u001b[32m'feedback.snapshot.export.failed'\u001b[39m\u001b[33m,\u001b[39m error\u001b[33m,\u001b[39m { format })\u001b[33m;\u001b[39m\n     \u001b[90m     |\u001b[39m                                 \u001b[31m\u001b[1m^\u001b[22m\u001b[39m\n     \u001b[90m 129 |\u001b[39m       \u001b[36mthrow\u001b[39m \u001b[36mnew\u001b[39m \u001b[33mError\u001b[39m(\u001b[32m`Failed to export snapshot in ${format} format`\u001b[39m)\u001b[33m;\u001b[39m\n     \u001b[90m 130 |\u001b[39m     }\n     \u001b[90m 131 |\u001b[39m   }\u001b[0m\n\n      \u001b[2mat FeedbackUploader.logError [as exportSnapshot] (\u001b[22msrc/lib/services/FeedbackUploader.js\u001b[2m:128:33)\u001b[22m\n      \u001b[2mat Object.<anonymous> (\u001b[22mtests/unit/services/FeedbackUploader.test.js\u001b[2m:242:7)\u001b[22m","pass":false},"message":"\u001b[2mexpect(\u001b[22m\u001b[31mreceived\u001b[39m\u001b[2m).\u001b[22mrejects\u001b[2m.\u001b[22mtoThrow\u001b[2m(\u001b[22m\u001b[32mexpected\u001b[39m\u001b[2m)\u001b[22m\n\nExpected substring: \u001b[32m\"Failed to export snapshot in clipboard format\"\u001b[39m\nReceived message:   \u001b[31m\"_ExecutionLogService.default.logError is not a function\"\u001b[39m\n\n    \u001b[0m \u001b[90m 126 |\u001b[39m\n     \u001b[90m 127 |\u001b[39m     } \u001b[36mcatch\u001b[39m (error) {\n    \u001b[31m\u001b[1m>\u001b[22m\u001b[39m\u001b[90m 128 |\u001b[39m       \u001b[36mawait\u001b[39m executionLogService\u001b[33m.\u001b[39mlogError(\u001b[32m'feedback.snapshot.export.failed'\u001b[39m\u001b[33m,\u001b[39m error\u001b[33m,\u001b[39m { format })\u001b[33m;\u001b[39m\n     \u001b[90m     |\u001b[39m                                 \u001b[31m\u001b[1m^\u001b[22m\u001b[39m\n     \u001b[90m 129 |\u001b[39m       \u001b[36mthrow\u001b[39m \u001b[36mnew\u001b[39m \u001b[33mError\u001b[39m(\u001b[32m`Failed to export snapshot in ${format} format`\u001b[39m)\u001b[33m;\u001b[39m\n     \u001b[90m 130 |\u001b[39m     }\n     \u001b[90m 131 |\u001b[39m   }\u001b[0m\n\n      \u001b[2mat FeedbackUploader.logError [as exportSnapshot] (\u001b[22msrc/lib/services/FeedbackUploader.js\u001b[2m:128:33)\u001b[22m\n      \u001b[2mat Object.<anonymous> (\u001b[22mtests/unit/services/FeedbackUploader.test.js\u001b[2m:242:7)\u001b[22m"}],"failureMessages":["Error: \u001b[2mexpect(\u001b[22m\u001b[31mreceived\u001b[39m\u001b[2m).\u001b[22mrejects\u001b[2m.\u001b[22mtoThrow\u001b[2m(\u001b[22m\u001b[32mexpected\u001b[39m\u001b[2m)\u001b[22m\n\nExpected substring: \u001b[32m\"Failed to export snapshot in clipboard format\"\u001b[39m\nReceived message:   \u001b[31m\"_ExecutionLogService.default.logError is not a function\"\u001b[39m\n\n    \u001b[0m \u001b[90m 126 |\u001b[39m\n     \u001b[90m 127 |\u001b[39m     } \u001b[36mcatch\u001b[39m (error) {\n    \u001b[31m\u001b[1m>\u001b[22m\u001b[39m\u001b[90m 128 |\u001b[39m       \u001b[36mawait\u001b[39m executionLogService\u001b[33m.\u001b[39mlogError(\u001b[32m'feedback.snapshot.export.failed'\u001b[39m\u001b[33m,\u001b[39m error\u001b[33m,\u001b[39m { format })\u001b[33m;\u001b[39m\n     \u001b[90m     |\u001b[39m                                 \u001b[31m\u001b[1m^\u001b[22m\u001b[39m\n     \u001b[90m 129 |\u001b[39m       \u001b[36mthrow\u001b[39m \u001b[36mnew\u001b[39m \u001b[33mError\u001b[39m(\u001b[32m`Failed to export snapshot in ${format} format`\u001b[39m)\u001b[33m;\u001b[39m\n     \u001b[90m 130 |\u001b[39m     }\n     \u001b[90m 131 |\u001b[39m   }\u001b[0m\n\n      \u001b[2mat FeedbackUploader.logError [as exportSnapshot] (\u001b[22msrc/lib/services/FeedbackUploader.js\u001b[2m:128:33)\u001b[22m\n      \u001b[2mat Object.<anonymous> (\u001b[22mtests/unit/services/FeedbackUploader.test.js\u001b[2m:242:7)\u001b[22m\n    at Object.toThrow (C:\\Users\\marsh\\Desktop\\AlphaFrame\\node_modules\\.pnpm\\expect@30.0.3\\node_modules\\expect\\build\\index.js:2151:20)\n    at Object.toThrow (C:\\Users\\marsh\\Desktop\\AlphaFrame\\apps\\web\\tests\\unit\\services\\FeedbackUploader.test.js:243:18)\n    at Promise.finally.completed (C:\\Users\\marsh\\Desktop\\AlphaFrame\\node_modules\\.pnpm\\jest-circus@30.0.3\\node_modules\\jest-circus\\build\\jestAdapterInit.js:1559:28)\n    at new Promise (<anonymous>)\n    at callAsyncCircusFn (C:\\Users\\marsh\\Desktop\\AlphaFrame\\node_modules\\.pnpm\\jest-circus@30.0.3\\node_modules\\jest-circus\\build\\jestAdapterInit.js:1499:10)\n    at _callCircusTest (C:\\Users\\marsh\\Desktop\\AlphaFrame\\node_modules\\.pnpm\\jest-circus@30.0.3\\node_modules\\jest-circus\\build\\jestAdapterInit.js:1009:40)\n    at _runTest (C:\\Users\\marsh\\Desktop\\AlphaFrame\\node_modules\\.pnpm\\jest-circus@30.0.3\\node_modules\\jest-circus\\build\\jestAdapterInit.js:949:3)\n    at _runTestsForDescribeBlock (C:\\Users\\marsh\\Desktop\\AlphaFrame\\node_modules\\.pnpm\\jest-circus@30.0.3\\node_modules\\jest-circus\\build\\jestAdapterInit.js:839:13)\n    at _runTestsForDescribeBlock (C:\\Users\\marsh\\Desktop\\AlphaFrame\\node_modules\\.pnpm\\jest-circus@30.0.3\\node_modules\\jest-circus\\build\\jestAdapterInit.js:829:11)\n    at _runTestsForDescribeBlock (C:\\Users\\marsh\\Desktop\\AlphaFrame\\node_modules\\.pnpm\\jest-circus@30.0.3\\node_modules\\jest-circus\\build\\jestAdapterInit.js:829:11)\n    at run (C:\\Users\\marsh\\Desktop\\AlphaFrame\\node_modules\\.pnpm\\jest-circus@30.0.3\\node_modules\\jest-circus\\build\\jestAdapterInit.js:757:3)\n    at runAndTransformResultsToJestFormat (C:\\Users\\marsh\\Desktop\\AlphaFrame\\node_modules\\.pnpm\\jest-circus@30.0.3\\node_modules\\jest-circus\\build\\jestAdapterInit.js:1920:21)\n    at jestAdapter (C:\\Users\\marsh\\Desktop\\AlphaFrame\\node_modules\\.pnpm\\jest-circus@30.0.3\\node_modules\\jest-circus\\build\\runner.js:101:19)\n    at runTestInternal (C:\\Users\\marsh\\Desktop\\AlphaFrame\\node_modules\\.pnpm\\jest-runner@30.0.3\\node_modules\\jest-runner\\build\\index.js:272:16)\n    at runTest (C:\\Users\\marsh\\Desktop\\AlphaFrame\\node_modules\\.pnpm\\jest-runner@30.0.3\\node_modules\\jest-runner\\build\\index.js:340:7)"],"fullName":"FeedbackUploader Export Functionality should handle export errors","invocations":1,"location":null,"numPassingAsserts":0,"retryReasons":[],"startAt":1751090831382,"status":"failed","title":"should handle export errors"},{"ancestorTitles":["FeedbackUploader","Data Sanitization"],"duration":1,"failing":false,"failureDetails":[],"failureMessages":[],"fullName":"FeedbackUploader Data Sanitization should sanitize logs to remove sensitive information","invocations":1,"location":null,"numPassingAsserts":5,"retryReasons":[],"startAt":1751090831406,"status":"passed","title":"should sanitize logs to remove sensitive information"},{"ancestorTitles":["FeedbackUploader","Data Sanitization"],"duration":6,"failing":false,"failureDetails":[],"failureMessages":[],"fullName":"FeedbackUploader Data Sanitization should sanitize payload with various sensitive field names","invocations":1,"location":null,"numPassingAsserts":6,"retryReasons":[],"startAt":1751090831409,"status":"passed","title":"should sanitize payload with various sensitive field names"},{"ancestorTitles":["FeedbackUploader","Data Sanitization"],"duration":0,"failing":false,"failureDetails":[],"failureMessages":[],"fullName":"FeedbackUploader Data Sanitization should handle null or undefined payloads","invocations":1,"location":null,"numPassingAsserts":2,"retryReasons":[],"startAt":1751090831417,"status":"passed","title":"should handle null or undefined payloads"},{"ancestorTitles":["FeedbackUploader","Financial Summary Generation"],"duration":1,"failing":false,"failureDetails":[{}],"failureMessages":["TypeError: Cannot read properties of undefined (reading 'mockReturnValue')\n    at Object.mockReturnValue (C:\\Users\\marsh\\Desktop\\AlphaFrame\\apps\\web\\tests\\unit\\services\\FeedbackUploader.test.js:302:42)\n    at Promise.finally.completed (C:\\Users\\marsh\\Desktop\\AlphaFrame\\node_modules\\.pnpm\\jest-circus@30.0.3\\node_modules\\jest-circus\\build\\jestAdapterInit.js:1559:28)\n    at new Promise (<anonymous>)\n    at callAsyncCircusFn (C:\\Users\\marsh\\Desktop\\AlphaFrame\\node_modules\\.pnpm\\jest-circus@30.0.3\\node_modules\\jest-circus\\build\\jestAdapterInit.js:1499:10)\n    at _callCircusTest (C:\\Users\\marsh\\Desktop\\AlphaFrame\\node_modules\\.pnpm\\jest-circus@30.0.3\\node_modules\\jest-circus\\build\\jestAdapterInit.js:1009:40)\n    at _runTest (C:\\Users\\marsh\\Desktop\\AlphaFrame\\node_modules\\.pnpm\\jest-circus@30.0.3\\node_modules\\jest-circus\\build\\jestAdapterInit.js:949:3)\n    at _runTestsForDescribeBlock (C:\\Users\\marsh\\Desktop\\AlphaFrame\\node_modules\\.pnpm\\jest-circus@30.0.3\\node_modules\\jest-circus\\build\\jestAdapterInit.js:839:13)\n    at _runTestsForDescribeBlock (C:\\Users\\marsh\\Desktop\\AlphaFrame\\node_modules\\.pnpm\\jest-circus@30.0.3\\node_modules\\jest-circus\\build\\jestAdapterInit.js:829:11)\n    at _runTestsForDescribeBlock (C:\\Users\\marsh\\Desktop\\AlphaFrame\\node_modules\\.pnpm\\jest-circus@30.0.3\\node_modules\\jest-circus\\build\\jestAdapterInit.js:829:11)\n    at run (C:\\Users\\marsh\\Desktop\\AlphaFrame\\node_modules\\.pnpm\\jest-circus@30.0.3\\node_modules\\jest-circus\\build\\jestAdapterInit.js:757:3)\n    at runAndTransformResultsToJestFormat (C:\\Users\\marsh\\Desktop\\AlphaFrame\\node_modules\\.pnpm\\jest-circus@30.0.3\\node_modules\\jest-circus\\build\\jestAdapterInit.js:1920:21)\n    at jestAdapter (C:\\Users\\marsh\\Desktop\\AlphaFrame\\node_modules\\.pnpm\\jest-circus@30.0.3\\node_modules\\jest-circus\\build\\runner.js:101:19)\n    at runTestInternal (C:\\Users\\marsh\\Desktop\\AlphaFrame\\node_modules\\.pnpm\\jest-runner@30.0.3\\node_modules\\jest-runner\\build\\index.js:272:16)\n    at runTest (C:\\Users\\marsh\\Desktop\\AlphaFrame\\node_modules\\.pnpm\\jest-runner@30.0.3\\node_modules\\jest-runner\\build\\index.js:340:7)"],"fullName":"FeedbackUploader Financial Summary Generation should generate financial summary without personal details","invocations":1,"location":null,"numPassingAsserts":0,"retryReasons":[],"startAt":1751090831418,"status":"failed","title":"should generate financial summary without personal details"},{"ancestorTitles":["FeedbackUploader","Financial Summary Generation"],"duration":0,"failing":false,"failureDetails":[{}],"failureMessages":["TypeError: Cannot read properties of undefined (reading 'mockReturnValue')\n    at Object.mockReturnValue (C:\\Users\\marsh\\Desktop\\AlphaFrame\\apps\\web\\tests\\unit\\services\\FeedbackUploader.test.js:324:42)\n    at Promise.finally.completed (C:\\Users\\marsh\\Desktop\\AlphaFrame\\node_modules\\.pnpm\\jest-circus@30.0.3\\node_modules\\jest-circus\\build\\jestAdapterInit.js:1559:28)\n    at new Promise (<anonymous>)\n    at callAsyncCircusFn (C:\\Users\\marsh\\Desktop\\AlphaFrame\\node_modules\\.pnpm\\jest-circus@30.0.3\\node_modules\\jest-circus\\build\\jestAdapterInit.js:1499:10)\n    at _callCircusTest (C:\\Users\\marsh\\Desktop\\AlphaFrame\\node_modules\\.pnpm\\jest-circus@30.0.3\\node_modules\\jest-circus\\build\\jestAdapterInit.js:1009:40)\n    at _runTest (C:\\Users\\marsh\\Desktop\\AlphaFrame\\node_modules\\.pnpm\\jest-circus@30.0.3\\node_modules\\jest-circus\\build\\jestAdapterInit.js:949:3)\n    at _runTestsForDescribeBlock (C:\\Users\\marsh\\Desktop\\AlphaFrame\\node_modules\\.pnpm\\jest-circus@30.0.3\\node_modules\\jest-circus\\build\\jestAdapterInit.js:839:13)\n    at _runTestsForDescribeBlock (C:\\Users\\marsh\\Desktop\\AlphaFrame\\node_modules\\.pnpm\\jest-circus@30.0.3\\node_modules\\jest-circus\\build\\jestAdapterInit.js:829:11)\n    at _runTestsForDescribeBlock (C:\\Users\\marsh\\Desktop\\AlphaFrame\\node_modules\\.pnpm\\jest-circus@30.0.3\\node_modules\\jest-circus\\build\\jestAdapterInit.js:829:11)\n    at run (C:\\Users\\marsh\\Desktop\\AlphaFrame\\node_modules\\.pnpm\\jest-circus@30.0.3\\node_modules\\jest-circus\\build\\jestAdapterInit.js:757:3)\n    at runAndTransformResultsToJestFormat (C:\\Users\\marsh\\Desktop\\AlphaFrame\\node_modules\\.pnpm\\jest-circus@30.0.3\\node_modules\\jest-circus\\build\\jestAdapterInit.js:1920:21)\n    at jestAdapter (C:\\Users\\marsh\\Desktop\\AlphaFrame\\node_modules\\.pnpm\\jest-circus@30.0.3\\node_modules\\jest-circus\\build\\runner.js:101:19)\n    at runTestInternal (C:\\Users\\marsh\\Desktop\\AlphaFrame\\node_modules\\.pnpm\\jest-runner@30.0.3\\node_modules\\jest-runner\\build\\index.js:272:16)\n    at runTest (C:\\Users\\marsh\\Desktop\\AlphaFrame\\node_modules\\.pnpm\\jest-runner@30.0.3\\node_modules\\jest-runner\\build\\index.js:340:7)"],"fullName":"FeedbackUploader Financial Summary Generation should handle missing financial data","invocations":1,"location":null,"numPassingAsserts":0,"retryReasons":[],"startAt":1751090831420,"status":"failed","title":"should handle missing financial data"},{"ancestorTitles":["FeedbackUploader","Financial Summary Generation"],"duration":1,"failing":false,"failureDetails":[{}],"failureMessages":["TypeError: Cannot read properties of undefined (reading 'mockImplementation')\n    at Object.mockImplementation (C:\\Users\\marsh\\Desktop\\AlphaFrame\\apps\\web\\tests\\unit\\services\\FeedbackUploader.test.js:335:42)\n    at Promise.finally.completed (C:\\Users\\marsh\\Desktop\\AlphaFrame\\node_modules\\.pnpm\\jest-circus@30.0.3\\node_modules\\jest-circus\\build\\jestAdapterInit.js:1559:28)\n    at new Promise (<anonymous>)\n    at callAsyncCircusFn (C:\\Users\\marsh\\Desktop\\AlphaFrame\\node_modules\\.pnpm\\jest-circus@30.0.3\\node_modules\\jest-circus\\build\\jestAdapterInit.js:1499:10)\n    at _callCircusTest (C:\\Users\\marsh\\Desktop\\AlphaFrame\\node_modules\\.pnpm\\jest-circus@30.0.3\\node_modules\\jest-circus\\build\\jestAdapterInit.js:1009:40)\n    at _runTest (C:\\Users\\marsh\\Desktop\\AlphaFrame\\node_modules\\.pnpm\\jest-circus@30.0.3\\node_modules\\jest-circus\\build\\jestAdapterInit.js:949:3)\n    at _runTestsForDescribeBlock (C:\\Users\\marsh\\Desktop\\AlphaFrame\\node_modules\\.pnpm\\jest-circus@30.0.3\\node_modules\\jest-circus\\build\\jestAdapterInit.js:839:13)\n    at _runTestsForDescribeBlock (C:\\Users\\marsh\\Desktop\\AlphaFrame\\node_modules\\.pnpm\\jest-circus@30.0.3\\node_modules\\jest-circus\\build\\jestAdapterInit.js:829:11)\n    at _runTestsForDescribeBlock (C:\\Users\\marsh\\Desktop\\AlphaFrame\\node_modules\\.pnpm\\jest-circus@30.0.3\\node_modules\\jest-circus\\build\\jestAdapterInit.js:829:11)\n    at run (C:\\Users\\marsh\\Desktop\\AlphaFrame\\node_modules\\.pnpm\\jest-circus@30.0.3\\node_modules\\jest-circus\\build\\jestAdapterInit.js:757:3)\n    at runAndTransformResultsToJestFormat (C:\\Users\\marsh\\Desktop\\AlphaFrame\\node_modules\\.pnpm\\jest-circus@30.0.3\\node_modules\\jest-circus\\build\\jestAdapterInit.js:1920:21)\n    at jestAdapter (C:\\Users\\marsh\\Desktop\\AlphaFrame\\node_modules\\.pnpm\\jest-circus@30.0.3\\node_modules\\jest-circus\\build\\runner.js:101:19)\n    at runTestInternal (C:\\Users\\marsh\\Desktop\\AlphaFrame\\node_modules\\.pnpm\\jest-runner@30.0.3\\node_modules\\jest-runner\\build\\index.js:272:16)\n    at runTest (C:\\Users\\marsh\\Desktop\\AlphaFrame\\node_modules\\.pnpm\\jest-runner@30.0.3\\node_modules\\jest-runner\\build\\index.js:340:7)"],"fullName":"FeedbackUploader Financial Summary Generation should handle service errors gracefully","invocations":1,"location":null,"numPassingAsserts":0,"retryReasons":[],"startAt":1751090831421,"status":"failed","title":"should handle service errors gracefully"},{"ancestorTitles":["FeedbackUploader","UI Preferences Collection"],"duration":10,"failing":false,"failureDetails":[],"failureMessages":[],"fullName":"FeedbackUploader UI Preferences Collection should collect UI preferences from localStorage","invocations":1,"location":null,"numPassingAsserts":5,"retryReasons":[],"startAt":1751090831422,"status":"passed","title":"should collect UI preferences from localStorage"},{"ancestorTitles":["FeedbackUploader","UI Preferences Collection"],"duration":0,"failing":false,"failureDetails":[],"failureMessages":[],"fullName":"FeedbackUploader UI Preferences Collection should handle localStorage errors","invocations":1,"location":null,"numPassingAsserts":1,"retryReasons":[],"startAt":1751090831434,"status":"passed","title":"should handle localStorage errors"},{"ancestorTitles":["FeedbackUploader","Performance Metrics Collection"],"duration":30,"failing":false,"failureDetails":[],"failureMessages":[],"fullName":"FeedbackUploader Performance Metrics Collection should collect basic performance metrics","invocations":1,"location":null,"numPassingAsserts":5,"retryReasons":[],"startAt":1751090831435,"status":"passed","title":"should collect basic performance metrics"},{"ancestorTitles":["FeedbackUploader","Performance Metrics Collection"],"duration":1,"failing":false,"failureDetails":[],"failureMessages":[],"fullName":"FeedbackUploader Performance Metrics Collection should handle missing performance APIs","invocations":1,"location":null,"numPassingAsserts":2,"retryReasons":[],"startAt":1751090831466,"status":"passed","title":"should handle missing performance APIs"},{"ancestorTitles":["FeedbackUploader","Snapshot Validation"],"duration":1,"failing":false,"failureDetails":[],"failureMessages":[],"fullName":"FeedbackUploader Snapshot Validation should validate correct snapshot data","invocations":1,"location":null,"numPassingAsserts":1,"retryReasons":[],"startAt":1751090831468,"status":"passed","title":"should validate correct snapshot data"},{"ancestorTitles":["FeedbackUploader","Snapshot Validation"],"duration":1,"failing":false,"failureDetails":[],"failureMessages":[],"fullName":"FeedbackUploader Snapshot Validation should reject invalid snapshot data","invocations":1,"location":null,"numPassingAsserts":3,"retryReasons":[],"startAt":1751090831469,"status":"passed","title":"should reject invalid snapshot data"},{"ancestorTitles":["FeedbackUploader","Snapshot Statistics"],"duration":1,"failing":false,"failureDetails":[],"failureMessages":[],"fullName":"FeedbackUploader Snapshot Statistics should calculate snapshot statistics correctly","invocations":1,"location":null,"numPassingAsserts":4,"retryReasons":[],"startAt":1751090831470,"status":"passed","title":"should calculate snapshot statistics correctly"},{"ancestorTitles":["FeedbackUploader","Snapshot Statistics"],"duration":0,"failing":false,"failureDetails":[],"failureMessages":[],"fullName":"FeedbackUploader Snapshot Statistics should handle statistics calculation errors","invocations":1,"location":null,"numPassingAsserts":1,"retryReasons":[],"startAt":1751090831472,"status":"passed","title":"should handle statistics calculation errors"},{"ancestorTitles":["FeedbackUploader","Error Handling"],"duration":1,"failing":false,"failureDetails":[{}],"failureMessages":["TypeError: Cannot read properties of undefined (reading 'mockRejectedValue')\n    at Object.mockRejectedValue (C:\\Users\\marsh\\Desktop\\AlphaFrame\\apps\\web\\tests\\unit\\services\\FeedbackUploader.test.js:479:39)\n    at Promise.finally.completed (C:\\Users\\marsh\\Desktop\\AlphaFrame\\node_modules\\.pnpm\\jest-circus@30.0.3\\node_modules\\jest-circus\\build\\jestAdapterInit.js:1559:28)\n    at new Promise (<anonymous>)\n    at callAsyncCircusFn (C:\\Users\\marsh\\Desktop\\AlphaFrame\\node_modules\\.pnpm\\jest-circus@30.0.3\\node_modules\\jest-circus\\build\\jestAdapterInit.js:1499:10)\n    at _callCircusTest (C:\\Users\\marsh\\Desktop\\AlphaFrame\\node_modules\\.pnpm\\jest-circus@30.0.3\\node_modules\\jest-circus\\build\\jestAdapterInit.js:1009:40)\n    at _runTest (C:\\Users\\marsh\\Desktop\\AlphaFrame\\node_modules\\.pnpm\\jest-circus@30.0.3\\node_modules\\jest-circus\\build\\jestAdapterInit.js:949:3)\n    at _runTestsForDescribeBlock (C:\\Users\\marsh\\Desktop\\AlphaFrame\\node_modules\\.pnpm\\jest-circus@30.0.3\\node_modules\\jest-circus\\build\\jestAdapterInit.js:839:13)\n    at _runTestsForDescribeBlock (C:\\Users\\marsh\\Desktop\\AlphaFrame\\node_modules\\.pnpm\\jest-circus@30.0.3\\node_modules\\jest-circus\\build\\jestAdapterInit.js:829:11)\n    at _runTestsForDescribeBlock (C:\\Users\\marsh\\Desktop\\AlphaFrame\\node_modules\\.pnpm\\jest-circus@30.0.3\\node_modules\\jest-circus\\build\\jestAdapterInit.js:829:11)\n    at run (C:\\Users\\marsh\\Desktop\\AlphaFrame\\node_modules\\.pnpm\\jest-circus@30.0.3\\node_modules\\jest-circus\\build\\jestAdapterInit.js:757:3)\n    at runAndTransformResultsToJestFormat (C:\\Users\\marsh\\Desktop\\AlphaFrame\\node_modules\\.pnpm\\jest-circus@30.0.3\\node_modules\\jest-circus\\build\\jestAdapterInit.js:1920:21)\n    at jestAdapter (C:\\Users\\marsh\\Desktop\\AlphaFrame\\node_modules\\.pnpm\\jest-circus@30.0.3\\node_modules\\jest-circus\\build\\runner.js:101:19)\n    at runTestInternal (C:\\Users\\marsh\\Desktop\\AlphaFrame\\node_modules\\.pnpm\\jest-runner@30.0.3\\node_modules\\jest-runner\\build\\index.js:272:16)\n    at runTest (C:\\Users\\marsh\\Desktop\\AlphaFrame\\node_modules\\.pnpm\\jest-runner@30.0.3\\node_modules\\jest-runner\\build\\index.js:340:7)"],"fullName":"FeedbackUploader Error Handling should handle snapshot generation errors","invocations":1,"location":null,"numPassingAsserts":0,"retryReasons":[],"startAt":1751090831473,"status":"failed","title":"should handle snapshot generation errors"},{"ancestorTitles":["FeedbackUploader","Error Handling"],"duration":10,"failing":false,"failureDetails":[{"matcherResult":{"message":"\u001b[2mexpect(\u001b[22m\u001b[31mreceived\u001b[39m\u001b[2m).\u001b[22mrejects\u001b[2m.\u001b[22mtoThrow\u001b[2m(\u001b[22m\u001b[32mexpected\u001b[39m\u001b[2m)\u001b[22m\n\nExpected substring: \u001b[32m\"Failed to export snapshot in file format\"\u001b[39m\nReceived message:   \u001b[31m\"_ExecutionLogService.default.logError is not a function\"\u001b[39m\n\n    \u001b[0m \u001b[90m 126 |\u001b[39m\n     \u001b[90m 127 |\u001b[39m     } \u001b[36mcatch\u001b[39m (error) {\n    \u001b[31m\u001b[1m>\u001b[22m\u001b[39m\u001b[90m 128 |\u001b[39m       \u001b[36mawait\u001b[39m executionLogService\u001b[33m.\u001b[39mlogError(\u001b[32m'feedback.snapshot.export.failed'\u001b[39m\u001b[33m,\u001b[39m error\u001b[33m,\u001b[39m { format })\u001b[33m;\u001b[39m\n     \u001b[90m     |\u001b[39m                                 \u001b[31m\u001b[1m^\u001b[22m\u001b[39m\n     \u001b[90m 129 |\u001b[39m       \u001b[36mthrow\u001b[39m \u001b[36mnew\u001b[39m \u001b[33mError\u001b[39m(\u001b[32m`Failed to export snapshot in ${format} format`\u001b[39m)\u001b[33m;\u001b[39m\n     \u001b[90m 130 |\u001b[39m     }\n     \u001b[90m 131 |\u001b[39m   }\u001b[0m\n\n      \u001b[2mat FeedbackUploader.logError [as exportSnapshot] (\u001b[22msrc/lib/services/FeedbackUploader.js\u001b[2m:128:33)\u001b[22m\n      \u001b[2mat Object.<anonymous> (\u001b[22mtests/unit/services/FeedbackUploader.test.js\u001b[2m:499:7)\u001b[22m","pass":false},"message":"\u001b[2mexpect(\u001b[22m\u001b[31mreceived\u001b[39m\u001b[2m).\u001b[22mrejects\u001b[2m.\u001b[22mtoThrow\u001b[2m(\u001b[22m\u001b[32mexpected\u001b[39m\u001b[2m)\u001b[22m\n\nExpected substring: \u001b[32m\"Failed to export snapshot in file format\"\u001b[39m\nReceived message:   \u001b[31m\"_ExecutionLogService.default.logError is not a function\"\u001b[39m\n\n    \u001b[0m \u001b[90m 126 |\u001b[39m\n     \u001b[90m 127 |\u001b[39m     } \u001b[36mcatch\u001b[39m (error) {\n    \u001b[31m\u001b[1m>\u001b[22m\u001b[39m\u001b[90m 128 |\u001b[39m       \u001b[36mawait\u001b[39m executionLogService\u001b[33m.\u001b[39mlogError(\u001b[32m'feedback.snapshot.export.failed'\u001b[39m\u001b[33m,\u001b[39m error\u001b[33m,\u001b[39m { format })\u001b[33m;\u001b[39m\n     \u001b[90m     |\u001b[39m                                 \u001b[31m\u001b[1m^\u001b[22m\u001b[39m\n     \u001b[90m 129 |\u001b[39m       \u001b[36mthrow\u001b[39m \u001b[36mnew\u001b[39m \u001b[33mError\u001b[39m(\u001b[32m`Failed to export snapshot in ${format} format`\u001b[39m)\u001b[33m;\u001b[39m\n     \u001b[90m 130 |\u001b[39m     }\n     \u001b[90m 131 |\u001b[39m   }\u001b[0m\n\n      \u001b[2mat FeedbackUploader.logError [as exportSnapshot] (\u001b[22msrc/lib/services/FeedbackUploader.js\u001b[2m:128:33)\u001b[22m\n      \u001b[2mat Object.<anonymous> (\u001b[22mtests/unit/services/FeedbackUploader.test.js\u001b[2m:499:7)\u001b[22m"}],"failureMessages":["Error: \u001b[2mexpect(\u001b[22m\u001b[31mreceived\u001b[39m\u001b[2m).\u001b[22mrejects\u001b[2m.\u001b[22mtoThrow\u001b[2m(\u001b[22m\u001b[32mexpected\u001b[39m\u001b[2m)\u001b[22m\n\nExpected substring: \u001b[32m\"Failed to export snapshot in file format\"\u001b[39m\nReceived message:   \u001b[31m\"_ExecutionLogService.default.logError is not a function\"\u001b[39m\n\n    \u001b[0m \u001b[90m 126 |\u001b[39m\n     \u001b[90m 127 |\u001b[39m     } \u001b[36mcatch\u001b[39m (error) {\n    \u001b[31m\u001b[1m>\u001b[22m\u001b[39m\u001b[90m 128 |\u001b[39m       \u001b[36mawait\u001b[39m executionLogService\u001b[33m.\u001b[39mlogError(\u001b[32m'feedback.snapshot.export.failed'\u001b[39m\u001b[33m,\u001b[39m error\u001b[33m,\u001b[39m { format })\u001b[33m;\u001b[39m\n     \u001b[90m     |\u001b[39m                                 \u001b[31m\u001b[1m^\u001b[22m\u001b[39m\n     \u001b[90m 129 |\u001b[39m       \u001b[36mthrow\u001b[39m \u001b[36mnew\u001b[39m \u001b[33mError\u001b[39m(\u001b[32m`Failed to export snapshot in ${format} format`\u001b[39m)\u001b[33m;\u001b[39m\n     \u001b[90m 130 |\u001b[39m     }\n     \u001b[90m 131 |\u001b[39m   }\u001b[0m\n\n      \u001b[2mat FeedbackUploader.logError [as exportSnapshot] (\u001b[22msrc/lib/services/FeedbackUploader.js\u001b[2m:128:33)\u001b[22m\n      \u001b[2mat Object.<anonymous> (\u001b[22mtests/unit/services/FeedbackUploader.test.js\u001b[2m:499:7)\u001b[22m\n    at Object.toThrow (C:\\Users\\marsh\\Desktop\\AlphaFrame\\node_modules\\.pnpm\\expect@30.0.3\\node_modules\\expect\\build\\index.js:2151:20)\n    at Object.toThrow (C:\\Users\\marsh\\Desktop\\AlphaFrame\\apps\\web\\tests\\unit\\services\\FeedbackUploader.test.js:500:18)\n    at Promise.finally.completed (C:\\Users\\marsh\\Desktop\\AlphaFrame\\node_modules\\.pnpm\\jest-circus@30.0.3\\node_modules\\jest-circus\\build\\jestAdapterInit.js:1559:28)\n    at new Promise (<anonymous>)\n    at callAsyncCircusFn (C:\\Users\\marsh\\Desktop\\AlphaFrame\\node_modules\\.pnpm\\jest-circus@30.0.3\\node_modules\\jest-circus\\build\\jestAdapterInit.js:1499:10)\n    at _callCircusTest (C:\\Users\\marsh\\Desktop\\AlphaFrame\\node_modules\\.pnpm\\jest-circus@30.0.3\\node_modules\\jest-circus\\build\\jestAdapterInit.js:1009:40)\n    at _runTest (C:\\Users\\marsh\\Desktop\\AlphaFrame\\node_modules\\.pnpm\\jest-circus@30.0.3\\node_modules\\jest-circus\\build\\jestAdapterInit.js:949:3)\n    at _runTestsForDescribeBlock (C:\\Users\\marsh\\Desktop\\AlphaFrame\\node_modules\\.pnpm\\jest-circus@30.0.3\\node_modules\\jest-circus\\build\\jestAdapterInit.js:839:13)\n    at _runTestsForDescribeBlock (C:\\Users\\marsh\\Desktop\\AlphaFrame\\node_modules\\.pnpm\\jest-circus@30.0.3\\node_modules\\jest-circus\\build\\jestAdapterInit.js:829:11)\n    at _runTestsForDescribeBlock (C:\\Users\\marsh\\Desktop\\AlphaFrame\\node_modules\\.pnpm\\jest-circus@30.0.3\\node_modules\\jest-circus\\build\\jestAdapterInit.js:829:11)\n    at run (C:\\Users\\marsh\\Desktop\\AlphaFrame\\node_modules\\.pnpm\\jest-circus@30.0.3\\node_modules\\jest-circus\\build\\jestAdapterInit.js:757:3)\n    at runAndTransformResultsToJestFormat (C:\\Users\\marsh\\Desktop\\AlphaFrame\\node_modules\\.pnpm\\jest-circus@30.0.3\\node_modules\\jest-circus\\build\\jestAdapterInit.js:1920:21)\n    at jestAdapter (C:\\Users\\marsh\\Desktop\\AlphaFrame\\node_modules\\.pnpm\\jest-circus@30.0.3\\node_modules\\jest-circus\\build\\runner.js:101:19)\n    at runTestInternal (C:\\Users\\marsh\\Desktop\\AlphaFrame\\node_modules\\.pnpm\\jest-runner@30.0.3\\node_modules\\jest-runner\\build\\index.js:272:16)\n    at runTest (C:\\Users\\marsh\\Desktop\\AlphaFrame\\node_modules\\.pnpm\\jest-runner@30.0.3\\node_modules\\jest-runner\\build\\index.js:340:7)"],"fullName":"FeedbackUploader Error Handling should handle export errors","invocations":1,"location":null,"numPassingAsserts":0,"retryReasons":[],"startAt":1751090831475,"status":"failed","title":"should handle export errors"}],"endTime":1751090831558,"message":"\u001b[1m\u001b[31m  \u001b[1m● \u001b[22m\u001b[1mFeedbackUploader › Snapshot Generation › should generate snapshot with all data types\u001b[39m\u001b[22m\n\n    TypeError: Cannot read properties of undefined (reading 'mockResolvedValue')\n\u001b[2m\u001b[22m\n\u001b[2m    \u001b[0m \u001b[90m 120 |\u001b[39m\u001b[22m\n\u001b[2m     \u001b[90m 121 |\u001b[39m       \u001b[90m// Mock service responses\u001b[39m\u001b[22m\n\u001b[2m    \u001b[31m\u001b[1m>\u001b[22m\u001b[2m\u001b[39m\u001b[90m 122 |\u001b[39m       mockExecutionLogService\u001b[33m.\u001b[39mgetLogs\u001b[33m.\u001b[39mmockResolvedValue([\u001b[22m\n\u001b[2m     \u001b[90m     |\u001b[39m                                       \u001b[31m\u001b[1m^\u001b[22m\u001b[2m\u001b[39m\u001b[22m\n\u001b[2m     \u001b[90m 123 |\u001b[39m         { type\u001b[33m:\u001b[39m \u001b[32m'test.log'\u001b[39m\u001b[33m,\u001b[39m timestamp\u001b[33m:\u001b[39m \u001b[36mnew\u001b[39m \u001b[33mDate\u001b[39m()\u001b[33m.\u001b[39mtoISOString()\u001b[33m,\u001b[39m payload\u001b[33m:\u001b[39m { test\u001b[33m:\u001b[39m \u001b[32m'data'\u001b[39m } }\u001b[22m\n\u001b[2m     \u001b[90m 124 |\u001b[39m       ])\u001b[33m;\u001b[39m\u001b[22m\n\u001b[2m     \u001b[90m 125 |\u001b[39m       mockBudgetService\u001b[33m.\u001b[39mgetBudgetSummary\u001b[33m.\u001b[39mmockReturnValue({\u001b[0m\u001b[22m\n\u001b[2m\u001b[22m\n\u001b[2m      \u001b[2mat Object.mockResolvedValue (\u001b[22m\u001b[2m\u001b[0m\u001b[36mtests/unit/services/FeedbackUploader.test.js\u001b[39m\u001b[0m\u001b[2m:122:39)\u001b[22m\u001b[2m\u001b[22m\n\n\u001b[1m\u001b[31m  \u001b[1m● \u001b[22m\u001b[1mFeedbackUploader › Snapshot Generation › should generate snapshot with selected data types only\u001b[39m\u001b[22m\n\n    TypeError: Cannot read properties of undefined (reading 'mockResolvedValue')\n\u001b[2m\u001b[22m\n\u001b[2m    \u001b[0m \u001b[90m 157 |\u001b[39m       }\u001b[33m;\u001b[39m\u001b[22m\n\u001b[2m     \u001b[90m 158 |\u001b[39m\u001b[22m\n\u001b[2m    \u001b[31m\u001b[1m>\u001b[22m\u001b[2m\u001b[39m\u001b[90m 159 |\u001b[39m       mockExecutionLogService\u001b[33m.\u001b[39mgetLogs\u001b[33m.\u001b[39mmockResolvedValue([])\u001b[33m;\u001b[39m\u001b[22m\n\u001b[2m     \u001b[90m     |\u001b[39m                                       \u001b[31m\u001b[1m^\u001b[22m\u001b[2m\u001b[39m\u001b[22m\n\u001b[2m     \u001b[90m 160 |\u001b[39m       mockCryptoService\u001b[33m.\u001b[39mencrypt\u001b[33m.\u001b[39mmockResolvedValue(\u001b[32m'encrypted-data'\u001b[39m)\u001b[33m;\u001b[39m\u001b[22m\n\u001b[2m     \u001b[90m 161 |\u001b[39m\u001b[22m\n\u001b[2m     \u001b[90m 162 |\u001b[39m       \u001b[36mconst\u001b[39m snapshot \u001b[33m=\u001b[39m \u001b[36mawait\u001b[39m feedbackUploader\u001b[33m.\u001b[39mgenerateSnapshot(options)\u001b[33m;\u001b[39m\u001b[0m\u001b[22m\n\u001b[2m\u001b[22m\n\u001b[2m      \u001b[2mat Object.mockResolvedValue (\u001b[22m\u001b[2m\u001b[0m\u001b[36mtests/unit/services/FeedbackUploader.test.js\u001b[39m\u001b[0m\u001b[2m:159:39)\u001b[22m\u001b[2m\u001b[22m\n\n\u001b[1m\u001b[31m  \u001b[1m● \u001b[22m\u001b[1mFeedbackUploader › Snapshot Generation › should handle encryption failure gracefully\u001b[39m\u001b[22m\n\n    TypeError: Cannot read properties of undefined (reading 'mockResolvedValue')\n\u001b[2m\u001b[22m\n\u001b[2m    \u001b[0m \u001b[90m 174 |\u001b[39m       }\u001b[33m;\u001b[39m\u001b[22m\n\u001b[2m     \u001b[90m 175 |\u001b[39m\u001b[22m\n\u001b[2m    \u001b[31m\u001b[1m>\u001b[22m\u001b[2m\u001b[39m\u001b[90m 176 |\u001b[39m       mockExecutionLogService\u001b[33m.\u001b[39mgetLogs\u001b[33m.\u001b[39mmockResolvedValue([])\u001b[33m;\u001b[39m\u001b[22m\n\u001b[2m     \u001b[90m     |\u001b[39m                                       \u001b[31m\u001b[1m^\u001b[22m\u001b[2m\u001b[39m\u001b[22m\n\u001b[2m     \u001b[90m 177 |\u001b[39m       mockCryptoService\u001b[33m.\u001b[39mencrypt\u001b[33m.\u001b[39mmockRejectedValue(\u001b[36mnew\u001b[39m \u001b[33mError\u001b[39m(\u001b[32m'Encryption failed'\u001b[39m))\u001b[33m;\u001b[39m\u001b[22m\n\u001b[2m     \u001b[90m 178 |\u001b[39m\u001b[22m\n\u001b[2m     \u001b[90m 179 |\u001b[39m       \u001b[36mconst\u001b[39m snapshot \u001b[33m=\u001b[39m \u001b[36mawait\u001b[39m feedbackUploader\u001b[33m.\u001b[39mgenerateSnapshot(options)\u001b[33m;\u001b[39m\u001b[0m\u001b[22m\n\u001b[2m\u001b[22m\n\u001b[2m      \u001b[2mat Object.mockResolvedValue (\u001b[22m\u001b[2m\u001b[0m\u001b[36mtests/unit/services/FeedbackUploader.test.js\u001b[39m\u001b[0m\u001b[2m:176:39)\u001b[22m\u001b[2m\u001b[22m\n\n\u001b[1m\u001b[31m  \u001b[1m● \u001b[22m\u001b[1mFeedbackUploader › Snapshot Generation › should handle missing required fields\u001b[39m\u001b[22m\n\n    TypeError: Cannot read properties of undefined (reading 'mockResolvedValue')\n\u001b[2m\u001b[22m\n\u001b[2m    \u001b[0m \u001b[90m 192 |\u001b[39m       }\u001b[33m;\u001b[39m\u001b[22m\n\u001b[2m     \u001b[90m 193 |\u001b[39m\u001b[22m\n\u001b[2m    \u001b[31m\u001b[1m>\u001b[22m\u001b[2m\u001b[39m\u001b[90m 194 |\u001b[39m       mockCryptoService\u001b[33m.\u001b[39mencrypt\u001b[33m.\u001b[39mmockResolvedValue(\u001b[32m'encrypted-data'\u001b[39m)\u001b[33m;\u001b[39m\u001b[22m\n\u001b[2m     \u001b[90m     |\u001b[39m                                 \u001b[31m\u001b[1m^\u001b[22m\u001b[2m\u001b[39m\u001b[22m\n\u001b[2m     \u001b[90m 195 |\u001b[39m\u001b[22m\n\u001b[2m     \u001b[90m 196 |\u001b[39m       \u001b[36mconst\u001b[39m snapshot \u001b[33m=\u001b[39m \u001b[36mawait\u001b[39m feedbackUploader\u001b[33m.\u001b[39mgenerateSnapshot(options)\u001b[33m;\u001b[39m\u001b[22m\n\u001b[2m     \u001b[90m 197 |\u001b[39m\u001b[0m\u001b[22m\n\u001b[2m\u001b[22m\n\u001b[2m      \u001b[2mat Object.mockResolvedValue (\u001b[22m\u001b[2m\u001b[0m\u001b[36mtests/unit/services/FeedbackUploader.test.js\u001b[39m\u001b[0m\u001b[2m:194:33)\u001b[22m\u001b[2m\u001b[22m\n\n\u001b[1m\u001b[31m  \u001b[1m● \u001b[22m\u001b[1mFeedbackUploader › Export Functionality › should export snapshot as file\u001b[39m\u001b[22m\n\n    TypeError: _ExecutionLogService.default.logError is not a function\n\u001b[2m\u001b[22m\n\u001b[2m    \u001b[0m \u001b[90m 126 |\u001b[39m\u001b[22m\n\u001b[2m     \u001b[90m 127 |\u001b[39m     } \u001b[36mcatch\u001b[39m (error) {\u001b[22m\n\u001b[2m    \u001b[31m\u001b[1m>\u001b[22m\u001b[2m\u001b[39m\u001b[90m 128 |\u001b[39m       \u001b[36mawait\u001b[39m executionLogService\u001b[33m.\u001b[39mlogError(\u001b[32m'feedback.snapshot.export.failed'\u001b[39m\u001b[33m,\u001b[39m error\u001b[33m,\u001b[39m { format })\u001b[33m;\u001b[39m\u001b[22m\n\u001b[2m     \u001b[90m     |\u001b[39m                                 \u001b[31m\u001b[1m^\u001b[22m\u001b[2m\u001b[39m\u001b[22m\n\u001b[2m     \u001b[90m 129 |\u001b[39m       \u001b[36mthrow\u001b[39m \u001b[36mnew\u001b[39m \u001b[33mError\u001b[39m(\u001b[32m`Failed to export snapshot in ${format} format`\u001b[39m)\u001b[33m;\u001b[39m\u001b[22m\n\u001b[2m     \u001b[90m 130 |\u001b[39m     }\u001b[22m\n\u001b[2m     \u001b[90m 131 |\u001b[39m   }\u001b[0m\u001b[22m\n\u001b[2m\u001b[22m\n\u001b[2m      \u001b[2mat FeedbackUploader.logError [as exportSnapshot] (\u001b[22m\u001b[2msrc/lib/services/FeedbackUploader.js\u001b[2m:128:33)\u001b[22m\u001b[2m\u001b[22m\n\u001b[2m      \u001b[2mat Object.<anonymous> (\u001b[22m\u001b[2m\u001b[0m\u001b[36mtests/unit/services/FeedbackUploader.test.js\u001b[39m\u001b[0m\u001b[2m:212:22)\u001b[22m\u001b[2m\u001b[22m\n\n\u001b[1m\u001b[31m  \u001b[1m● \u001b[22m\u001b[1mFeedbackUploader › Export Functionality › should export snapshot to clipboard\u001b[39m\u001b[22m\n\n    TypeError: _ExecutionLogService.default.logError is not a function\n\u001b[2m\u001b[22m\n\u001b[2m    \u001b[0m \u001b[90m 126 |\u001b[39m\u001b[22m\n\u001b[2m     \u001b[90m 127 |\u001b[39m     } \u001b[36mcatch\u001b[39m (error) {\u001b[22m\n\u001b[2m    \u001b[31m\u001b[1m>\u001b[22m\u001b[2m\u001b[39m\u001b[90m 128 |\u001b[39m       \u001b[36mawait\u001b[39m executionLogService\u001b[33m.\u001b[39mlogError(\u001b[32m'feedback.snapshot.export.failed'\u001b[39m\u001b[33m,\u001b[39m error\u001b[33m,\u001b[39m { format })\u001b[33m;\u001b[39m\u001b[22m\n\u001b[2m     \u001b[90m     |\u001b[39m                                 \u001b[31m\u001b[1m^\u001b[22m\u001b[2m\u001b[39m\u001b[22m\n\u001b[2m     \u001b[90m 129 |\u001b[39m       \u001b[36mthrow\u001b[39m \u001b[36mnew\u001b[39m \u001b[33mError\u001b[39m(\u001b[32m`Failed to export snapshot in ${format} format`\u001b[39m)\u001b[33m;\u001b[39m\u001b[22m\n\u001b[2m     \u001b[90m 130 |\u001b[39m     }\u001b[22m\n\u001b[2m     \u001b[90m 131 |\u001b[39m   }\u001b[0m\u001b[22m\n\u001b[2m\u001b[22m\n\u001b[2m      \u001b[2mat FeedbackUploader.logError [as exportSnapshot] (\u001b[22m\u001b[2msrc/lib/services/FeedbackUploader.js\u001b[2m:128:33)\u001b[22m\u001b[2m\u001b[22m\n\u001b[2m      \u001b[2mat Object.<anonymous> (\u001b[22m\u001b[2m\u001b[0m\u001b[36mtests/unit/services/FeedbackUploader.test.js\u001b[39m\u001b[0m\u001b[2m:229:22)\u001b[22m\u001b[2m\u001b[22m\n\n\u001b[1m\u001b[31m  \u001b[1m● \u001b[22m\u001b[1mFeedbackUploader › Export Functionality › should handle export errors\u001b[39m\u001b[22m\n\n    \u001b[2mexpect(\u001b[22m\u001b[31mreceived\u001b[39m\u001b[2m).\u001b[22mrejects\u001b[2m.\u001b[22mtoThrow\u001b[2m(\u001b[22m\u001b[32mexpected\u001b[39m\u001b[2m)\u001b[22m\n\n    Expected substring: \u001b[32m\"Failed to export snapshot in clipboard format\"\u001b[39m\n    Received message:   \u001b[31m\"_ExecutionLogService.default.logError is not a function\"\u001b[39m\n\n        \u001b[0m \u001b[90m 126 |\u001b[39m\n         \u001b[90m 127 |\u001b[39m     } \u001b[36mcatch\u001b[39m (error) {\n        \u001b[31m\u001b[1m>\u001b[22m\u001b[39m\u001b[90m 128 |\u001b[39m       \u001b[36mawait\u001b[39m executionLogService\u001b[33m.\u001b[39mlogError(\u001b[32m'feedback.snapshot.export.failed'\u001b[39m\u001b[33m,\u001b[39m error\u001b[33m,\u001b[39m { format })\u001b[33m;\u001b[39m\n         \u001b[90m     |\u001b[39m                                 \u001b[31m\u001b[1m^\u001b[22m\u001b[39m\n         \u001b[90m 129 |\u001b[39m       \u001b[36mthrow\u001b[39m \u001b[36mnew\u001b[39m \u001b[33mError\u001b[39m(\u001b[32m`Failed to export snapshot in ${format} format`\u001b[39m)\u001b[33m;\u001b[39m\n         \u001b[90m 130 |\u001b[39m     }\n         \u001b[90m 131 |\u001b[39m   }\u001b[0m\n\n          \u001b[2mat FeedbackUploader.logError [as exportSnapshot] (\u001b[22msrc/lib/services/FeedbackUploader.js\u001b[2m:128:33)\u001b[22m\n          \u001b[2mat Object.<anonymous> (\u001b[22mtests/unit/services/FeedbackUploader.test.js\u001b[2m:242:7)\u001b[22m\n\u001b[2m\u001b[22m\n\u001b[2m    \u001b[0m \u001b[90m 241 |\u001b[39m\u001b[22m\n\u001b[2m     \u001b[90m 242 |\u001b[39m       \u001b[36mawait\u001b[39m expect(feedbackUploader\u001b[33m.\u001b[39mexportSnapshot(snapshotData\u001b[33m,\u001b[39m \u001b[32m'clipboard'\u001b[39m))\u001b[22m\n\u001b[2m    \u001b[31m\u001b[1m>\u001b[22m\u001b[2m\u001b[39m\u001b[90m 243 |\u001b[39m         \u001b[33m.\u001b[39mrejects\u001b[33m.\u001b[39mtoThrow(\u001b[32m'Failed to export snapshot in clipboard format'\u001b[39m)\u001b[33m;\u001b[39m\u001b[22m\n\u001b[2m     \u001b[90m     |\u001b[39m                  \u001b[31m\u001b[1m^\u001b[22m\u001b[2m\u001b[39m\u001b[22m\n\u001b[2m     \u001b[90m 244 |\u001b[39m\u001b[22m\n\u001b[2m     \u001b[90m 245 |\u001b[39m       expect(mockExecutionLogService\u001b[33m.\u001b[39mlogError)\u001b[33m.\u001b[39mtoHaveBeenCalled()\u001b[33m;\u001b[39m\u001b[22m\n\u001b[2m     \u001b[90m 246 |\u001b[39m     })\u001b[33m;\u001b[39m\u001b[0m\u001b[22m\n\u001b[2m\u001b[22m\n\u001b[2m      \u001b[2mat Object.toThrow (\u001b[22m\u001b[2m../../node_modules/.pnpm/expect@30.0.3/node_modules/expect/build/index.js\u001b[2m:2151:20)\u001b[22m\u001b[2m\u001b[22m\n\u001b[2m      \u001b[2mat Object.toThrow (\u001b[22m\u001b[2m\u001b[0m\u001b[36mtests/unit/services/FeedbackUploader.test.js\u001b[39m\u001b[0m\u001b[2m:243:18)\u001b[22m\u001b[2m\u001b[22m\n\n\u001b[1m\u001b[31m  \u001b[1m● \u001b[22m\u001b[1mFeedbackUploader › Financial Summary Generation › should generate financial summary without personal details\u001b[39m\u001b[22m\n\n    TypeError: Cannot read properties of undefined (reading 'mockReturnValue')\n\u001b[2m\u001b[22m\n\u001b[2m    \u001b[0m \u001b[90m 300 |\u001b[39m   describe(\u001b[32m'Financial Summary Generation'\u001b[39m\u001b[33m,\u001b[39m () \u001b[33m=>\u001b[39m {\u001b[22m\n\u001b[2m     \u001b[90m 301 |\u001b[39m     it(\u001b[32m'should generate financial summary without personal details'\u001b[39m\u001b[33m,\u001b[39m \u001b[36masync\u001b[39m () \u001b[33m=>\u001b[39m {\u001b[22m\n\u001b[2m    \u001b[31m\u001b[1m>\u001b[22m\u001b[2m\u001b[39m\u001b[90m 302 |\u001b[39m       mockBudgetService\u001b[33m.\u001b[39mgetBudgetSummary\u001b[33m.\u001b[39mmockReturnValue({\u001b[22m\n\u001b[2m     \u001b[90m     |\u001b[39m                                          \u001b[31m\u001b[1m^\u001b[22m\u001b[2m\u001b[39m\u001b[22m\n\u001b[2m     \u001b[90m 303 |\u001b[39m         totalBudget\u001b[33m:\u001b[39m \u001b[35m5000\u001b[39m\u001b[33m,\u001b[39m\u001b[22m\n\u001b[2m     \u001b[90m 304 |\u001b[39m         categories\u001b[33m:\u001b[39m \u001b[35m5\u001b[39m\u001b[33m,\u001b[39m\u001b[22m\n\u001b[2m     \u001b[90m 305 |\u001b[39m         monthlyIncome\u001b[33m:\u001b[39m \u001b[35m6000\u001b[39m\u001b[0m\u001b[22m\n\u001b[2m\u001b[22m\n\u001b[2m      \u001b[2mat Object.mockReturnValue (\u001b[22m\u001b[2m\u001b[0m\u001b[36mtests/unit/services/FeedbackUploader.test.js\u001b[39m\u001b[0m\u001b[2m:302:42)\u001b[22m\u001b[2m\u001b[22m\n\n\u001b[1m\u001b[31m  \u001b[1m● \u001b[22m\u001b[1mFeedbackUploader › Financial Summary Generation › should handle missing financial data\u001b[39m\u001b[22m\n\n    TypeError: Cannot read properties of undefined (reading 'mockReturnValue')\n\u001b[2m\u001b[22m\n\u001b[2m    \u001b[0m \u001b[90m 322 |\u001b[39m\u001b[22m\n\u001b[2m     \u001b[90m 323 |\u001b[39m     it(\u001b[32m'should handle missing financial data'\u001b[39m\u001b[33m,\u001b[39m \u001b[36masync\u001b[39m () \u001b[33m=>\u001b[39m {\u001b[22m\n\u001b[2m    \u001b[31m\u001b[1m>\u001b[22m\u001b[2m\u001b[39m\u001b[90m 324 |\u001b[39m       mockBudgetService\u001b[33m.\u001b[39mgetBudgetSummary\u001b[33m.\u001b[39mmockReturnValue({})\u001b[33m;\u001b[39m\u001b[22m\n\u001b[2m     \u001b[90m     |\u001b[39m                                          \u001b[31m\u001b[1m^\u001b[22m\u001b[2m\u001b[39m\u001b[22m\n\u001b[2m     \u001b[90m 325 |\u001b[39m       mockCashFlowService\u001b[33m.\u001b[39mgetCashFlowSummary\u001b[33m.\u001b[39mmockReturnValue({})\u001b[33m;\u001b[39m\u001b[22m\n\u001b[2m     \u001b[90m 326 |\u001b[39m\u001b[22m\n\u001b[2m     \u001b[90m 327 |\u001b[39m       \u001b[36mconst\u001b[39m summary \u001b[33m=\u001b[39m \u001b[36mawait\u001b[39m feedbackUploader\u001b[33m.\u001b[39mgenerateFinancialSummary()\u001b[33m;\u001b[39m\u001b[0m\u001b[22m\n\u001b[2m\u001b[22m\n\u001b[2m      \u001b[2mat Object.mockReturnValue (\u001b[22m\u001b[2m\u001b[0m\u001b[36mtests/unit/services/FeedbackUploader.test.js\u001b[39m\u001b[0m\u001b[2m:324:42)\u001b[22m\u001b[2m\u001b[22m\n\n\u001b[1m\u001b[31m  \u001b[1m● \u001b[22m\u001b[1mFeedbackUploader › Financial Summary Generation › should handle service errors gracefully\u001b[39m\u001b[22m\n\n    TypeError: Cannot read properties of undefined (reading 'mockImplementation')\n\u001b[2m\u001b[22m\n\u001b[2m    \u001b[0m \u001b[90m 333 |\u001b[39m\u001b[22m\n\u001b[2m     \u001b[90m 334 |\u001b[39m     it(\u001b[32m'should handle service errors gracefully'\u001b[39m\u001b[33m,\u001b[39m \u001b[36masync\u001b[39m () \u001b[33m=>\u001b[39m {\u001b[22m\n\u001b[2m    \u001b[31m\u001b[1m>\u001b[22m\u001b[2m\u001b[39m\u001b[90m 335 |\u001b[39m       mockBudgetService\u001b[33m.\u001b[39mgetBudgetSummary\u001b[33m.\u001b[39mmockImplementation(() \u001b[33m=>\u001b[39m {\u001b[22m\n\u001b[2m     \u001b[90m     |\u001b[39m                                          \u001b[31m\u001b[1m^\u001b[22m\u001b[2m\u001b[39m\u001b[22m\n\u001b[2m     \u001b[90m 336 |\u001b[39m         \u001b[36mthrow\u001b[39m \u001b[36mnew\u001b[39m \u001b[33mError\u001b[39m(\u001b[32m'Service error'\u001b[39m)\u001b[33m;\u001b[39m\u001b[22m\n\u001b[2m     \u001b[90m 337 |\u001b[39m       })\u001b[33m;\u001b[39m\u001b[22m\n\u001b[2m     \u001b[90m 338 |\u001b[39m\u001b[0m\u001b[22m\n\u001b[2m\u001b[22m\n\u001b[2m      \u001b[2mat Object.mockImplementation (\u001b[22m\u001b[2m\u001b[0m\u001b[36mtests/unit/services/FeedbackUploader.test.js\u001b[39m\u001b[0m\u001b[2m:335:42)\u001b[22m\u001b[2m\u001b[22m\n\n\u001b[1m\u001b[31m  \u001b[1m● \u001b[22m\u001b[1mFeedbackUploader › Error Handling › should handle snapshot generation errors\u001b[39m\u001b[22m\n\n    TypeError: Cannot read properties of undefined (reading 'mockRejectedValue')\n\u001b[2m\u001b[22m\n\u001b[2m    \u001b[0m \u001b[90m 477 |\u001b[39m       }\u001b[33m;\u001b[39m\u001b[22m\n\u001b[2m     \u001b[90m 478 |\u001b[39m\u001b[22m\n\u001b[2m    \u001b[31m\u001b[1m>\u001b[22m\u001b[2m\u001b[39m\u001b[90m 479 |\u001b[39m       mockExecutionLogService\u001b[33m.\u001b[39mgetLogs\u001b[33m.\u001b[39mmockRejectedValue(\u001b[36mnew\u001b[39m \u001b[33mError\u001b[39m(\u001b[32m'Service error'\u001b[39m))\u001b[33m;\u001b[39m\u001b[22m\n\u001b[2m     \u001b[90m     |\u001b[39m                                       \u001b[31m\u001b[1m^\u001b[22m\u001b[2m\u001b[39m\u001b[22m\n\u001b[2m     \u001b[90m 480 |\u001b[39m\u001b[22m\n\u001b[2m     \u001b[90m 481 |\u001b[39m       \u001b[36mawait\u001b[39m expect(feedbackUploader\u001b[33m.\u001b[39mgenerateSnapshot(options))\u001b[22m\n\u001b[2m     \u001b[90m 482 |\u001b[39m         \u001b[33m.\u001b[39mrejects\u001b[33m.\u001b[39mtoThrow(\u001b[32m'Failed to generate feedback snapshot'\u001b[39m)\u001b[33m;\u001b[39m\u001b[0m\u001b[22m\n\u001b[2m\u001b[22m\n\u001b[2m      \u001b[2mat Object.mockRejectedValue (\u001b[22m\u001b[2m\u001b[0m\u001b[36mtests/unit/services/FeedbackUploader.test.js\u001b[39m\u001b[0m\u001b[2m:479:39)\u001b[22m\u001b[2m\u001b[22m\n\n\u001b[1m\u001b[31m  \u001b[1m● \u001b[22m\u001b[1mFeedbackUploader › Error Handling › should handle export errors\u001b[39m\u001b[22m\n\n    \u001b[2mexpect(\u001b[22m\u001b[31mreceived\u001b[39m\u001b[2m).\u001b[22mrejects\u001b[2m.\u001b[22mtoThrow\u001b[2m(\u001b[22m\u001b[32mexpected\u001b[39m\u001b[2m)\u001b[22m\n\n    Expected substring: \u001b[32m\"Failed to export snapshot in file format\"\u001b[39m\n    Received message:   \u001b[31m\"_ExecutionLogService.default.logError is not a function\"\u001b[39m\n\n        \u001b[0m \u001b[90m 126 |\u001b[39m\n         \u001b[90m 127 |\u001b[39m     } \u001b[36mcatch\u001b[39m (error) {\n        \u001b[31m\u001b[1m>\u001b[22m\u001b[39m\u001b[90m 128 |\u001b[39m       \u001b[36mawait\u001b[39m executionLogService\u001b[33m.\u001b[39mlogError(\u001b[32m'feedback.snapshot.export.failed'\u001b[39m\u001b[33m,\u001b[39m error\u001b[33m,\u001b[39m { format })\u001b[33m;\u001b[39m\n         \u001b[90m     |\u001b[39m                                 \u001b[31m\u001b[1m^\u001b[22m\u001b[39m\n         \u001b[90m 129 |\u001b[39m       \u001b[36mthrow\u001b[39m \u001b[36mnew\u001b[39m \u001b[33mError\u001b[39m(\u001b[32m`Failed to export snapshot in ${format} format`\u001b[39m)\u001b[33m;\u001b[39m\n         \u001b[90m 130 |\u001b[39m     }\n         \u001b[90m 131 |\u001b[39m   }\u001b[0m\n\n          \u001b[2mat FeedbackUploader.logError [as exportSnapshot] (\u001b[22msrc/lib/services/FeedbackUploader.js\u001b[2m:128:33)\u001b[22m\n          \u001b[2mat Object.<anonymous> (\u001b[22mtests/unit/services/FeedbackUploader.test.js\u001b[2m:499:7)\u001b[22m\n\u001b[2m\u001b[22m\n\u001b[2m    \u001b[0m \u001b[90m 498 |\u001b[39m\u001b[22m\n\u001b[2m     \u001b[90m 499 |\u001b[39m       \u001b[36mawait\u001b[39m expect(feedbackUploader\u001b[33m.\u001b[39mexportSnapshot(snapshotData\u001b[33m,\u001b[39m \u001b[32m'file'\u001b[39m))\u001b[22m\n\u001b[2m    \u001b[31m\u001b[1m>\u001b[22m\u001b[2m\u001b[39m\u001b[90m 500 |\u001b[39m         \u001b[33m.\u001b[39mrejects\u001b[33m.\u001b[39mtoThrow(\u001b[32m'Failed to export snapshot in file format'\u001b[39m)\u001b[33m;\u001b[39m\u001b[22m\n\u001b[2m     \u001b[90m     |\u001b[39m                  \u001b[31m\u001b[1m^\u001b[22m\u001b[2m\u001b[39m\u001b[22m\n\u001b[2m     \u001b[90m 501 |\u001b[39m     })\u001b[33m;\u001b[39m\u001b[22m\n\u001b[2m     \u001b[90m 502 |\u001b[39m   })\u001b[33m;\u001b[39m\u001b[22m\n\u001b[2m     \u001b[90m 503 |\u001b[39m })\u001b[33m;\u001b[39m \u001b[0m\u001b[22m\n\u001b[2m\u001b[22m\n\u001b[2m      \u001b[2mat Object.toThrow (\u001b[22m\u001b[2m../../node_modules/.pnpm/expect@30.0.3/node_modules/expect/build/index.js\u001b[2m:2151:20)\u001b[22m\u001b[2m\u001b[22m\n\u001b[2m      \u001b[2mat Object.toThrow (\u001b[22m\u001b[2m\u001b[0m\u001b[36mtests/unit/services/FeedbackUploader.test.js\u001b[39m\u001b[0m\u001b[2m:500:18)\u001b[22m\u001b[2m\u001b[22m\n","name":"C:\\Users\\marsh\\Desktop\\AlphaFrame\\apps\\web\\tests\\unit\\services\\FeedbackUploader.test.js","startTime":1751090829584,"status":"failed","summary":""},{"assertionResults":[{"ancestorTitles":["PlaidActionForm"],"duration":1097,"failing":false,"failureDetails":[{"name":"TestingLibraryElementError"}],"failureMessages":["Error: Unable to find an element with the text: /Plaid Action/i. This could be because the text is broken up by multiple elements. In this case, you can provide a function for your text matcher to make your matcher more flexible.\n\nIgnored nodes: comments, script, style\n\u001b[36m<body>\u001b[39m\n  \u001b[36m<div>\u001b[39m\n    \u001b[36m<div\u001b[39m\n      \u001b[33maria-busy\u001b[39m=\u001b[32m\"false\"\u001b[39m\n      \u001b[33maria-disabled\u001b[39m=\u001b[32m\"false\"\u001b[39m\n      \u001b[33maria-label\u001b[39m=\u001b[32m\"Transfer Configuration\"\u001b[39m\n      \u001b[33mclass\u001b[39m=\u001b[32m\"composite-card composite-card--elevated plaid-action-form\"\u001b[39m\n      \u001b[33mrole\u001b[39m=\u001b[32m\"region\"\u001b[39m\n      \u001b[33mstyle\u001b[39m=\u001b[32m\"background: var(--color-surface); border-radius: var(--radius-lg); box-shadow: var(--shadow-light); padding: var(--spacing-lg); margin-bottom: var(--spacing);\"\u001b[39m\n    \u001b[36m>\u001b[39m\n      \u001b[36m<div\u001b[39m\n        \u001b[33mclass\u001b[39m=\u001b[32m\"composite-card__header\"\u001b[39m\n      \u001b[36m>\u001b[39m\n        \u001b[36m<div\u001b[39m\n          \u001b[33mclass\u001b[39m=\u001b[32m\"composite-card__title-area\"\u001b[39m\n        \u001b[36m>\u001b[39m\n          \u001b[36m<h3\u001b[39m\n            \u001b[33mclass\u001b[39m=\u001b[32m\"composite-card__title\"\u001b[39m\n            \u001b[33mid\u001b[39m=\u001b[32m\"card-title-transfer-configuration\"\u001b[39m\n          \u001b[36m>\u001b[39m\n            \u001b[0mTransfer Configuration\u001b[0m\n          \u001b[36m</h3>\u001b[39m\n          \u001b[36m<p\u001b[39m\n            \u001b[33mclass\u001b[39m=\u001b[32m\"composite-card__subtitle\"\u001b[39m\n            \u001b[33mid\u001b[39m=\u001b[32m\"card-subtitle-configure-your-plaid-transfer-settings\"\u001b[39m\n          \u001b[36m>\u001b[39m\n            \u001b[0mConfigure your Plaid transfer settings\u001b[0m\n          \u001b[36m</p>\u001b[39m\n        \u001b[36m</div>\u001b[39m\n      \u001b[36m</div>\u001b[39m\n      \u001b[36m<div\u001b[39m\n        \u001b[33maria-describedby\u001b[39m=\u001b[32m\"card-subtitle-configure-your-plaid-transfer-settings\"\u001b[39m\n        \u001b[33maria-labelledby\u001b[39m=\u001b[32m\"card-title-transfer-configuration\"\u001b[39m\n        \u001b[33mclass\u001b[39m=\u001b[32m\"composite-card__content\"\u001b[39m\n      \u001b[36m>\u001b[39m\n        \u001b[36m<div\u001b[39m\n          \u001b[33mclass\u001b[39m=\u001b[32m\"form-section\"\u001b[39m\n        \u001b[36m>\u001b[39m\n          \u001b[36m<label\u001b[39m\n            \u001b[33mclass\u001b[39m=\u001b[32m\"form-label\"\u001b[39m\n            \u001b[33mfor\u001b[39m=\u001b[32m\"from-account\"\u001b[39m\n          \u001b[36m>\u001b[39m\n            \u001b[0mFrom Account\u001b[0m\n          \u001b[36m</label>\u001b[39m\n          \u001b[36m<select\u001b[39m\n            \u001b[33mclass\u001b[39m=\u001b[32m\"form-select form-select--error\"\u001b[39m\n            \u001b[33mdata-testid\u001b[39m=\u001b[32m\"from-account\"\u001b[39m\n            \u001b[33mid\u001b[39m=\u001b[32m\"from-account\"\u001b[39m\n          \u001b[36m>\u001b[39m\n            \u001b[36m<option\u001b[39m\n              \u001b[33mvalue\u001b[39m=\u001b[32m\"\"\u001b[39m\n            \u001b[36m>\u001b[39m\n              \u001b[0mSelect source account\u001b[0m\n            \u001b[36m</option>\u001b[39m\n            \u001b[36m<option\u001b[39m\n              \u001b[33mvalue\u001b[39m=\u001b[32m\"chase_checking\"\u001b[39m\n            \u001b[36m>\u001b[39m\n              \u001b[0mChase Checking ($6,000.00)\u001b[0m\n            \u001b[36m</option>\u001b[39m\n            \u001b[36m<option\u001b[39m\n              \u001b[33mvalue\u001b[39m=\u001b[32m\"vanguard_brokerage\"\u001b[39m\n            \u001b[36m>\u001b[39m\n              \u001b[0mVanguard Brokerage ($25,000.00)\u001b[0m\n            \u001b[36m</option>\u001b[39m\n            \u001b[36m<option\u001b[39m\n              \u001b[33mvalue\u001b[39m=\u001b[32m\"ally_savings\"\u001b[39m\n            \u001b[36m>\u001b[39m\n              \u001b[0mAlly Savings ($15,000.00)\u001b[0m\n            \u001b[36m</option>\u001b[39m\n          \u001b[36m</select>\u001b[39m\n          \u001b[36m<p\u001b[39m\n            \u001b[33mclass\u001b[39m=\u001b[32m\"form-error\"\u001b[39m\n          \u001b[36m>\u001b[39m\n            \u001b[0mSource account is required\u001b[0m\n          \u001b[36m</p>\u001b[39m\n        \u001b[36m</div>\u001b[39m\n        \u001b[36m<div\u001b[39m\n          \u001b[33mclass\u001b[39m=\u001b[32m\"form-section\"\u001b[39m\n        \u001b[36m>\u001b[39m\n          \u001b[36m<label\u001b[39m\n            \u001b[33mclass\u001b[39m=\u001b[32m\"form-label\"\u001b[39m\n            \u001b[33mfor\u001b[39m=\u001b[32m\"to-account\"\u001b[39m\n          \u001b[36m>\u001b[39m\n            \u001b[0mTo Account\u001b[0m\n          \u001b[36m</label>\u001b[39m\n          \u001b[36m<select\u001b[39m\n            \u001b[33mclass\u001b[39m=\u001b[32m\"form-select form-select--error\"\u001b[39m\n            \u001b[33mdata-testid\u001b[39m=\u001b[32m\"to-account\"\u001b[39m\n            \u001b[33mid\u001b[39m=\u001b[32m\"to-account\"\u001b[39m\n          \u001b[36m>\u001b[39m\n            \u001b[36m<option\u001b[39m\n              \u001b[33mvalue\u001b[39m=\u001b[32m\"\"\u001b[39m\n            \u001b[36m>\u001b[39m\n              \u001b[0mSelect destination account\u001b[0m\n            \u001b[36m</option>\u001b[39m\n            \u001b[36m<option\u001b[39m\n              \u001b[33mvalue\u001b[39m=\u001b[32m\"chase_checking\"\u001b[39m\n            \u001b[36m>\u001b[39m\n              \u001b[0mChase Checking ($6,000.00)\u001b[0m\n            \u001b[36m</option>\u001b[39m\n            \u001b[36m<option\u001b[39m\n              \u001b[33mvalue\u001b[39m=\u001b[32m\"vanguard_brokerage\"\u001b[39m\n            \u001b[36m>\u001b[39m\n              \u001b[0mVanguard Brokerage ($25,000.00)\u001b[0m\n            \u001b[36m</option>\u001b[39m\n            \u001b[36m<option\u001b[39m\n              \u001b[33mvalue\u001b[39m=\u001b[32m\"ally_savings\"\u001b[39m\n            \u001b[36m>\u001b[39m\n              \u001b[0mAlly Savings ($15,000.00)\u001b[0m\n            \u001b[36m</option>\u001b[39m\n          \u001b[36m</select>\u001b[39m\n          \u001b[36m<p\u001b[39m\n            \u001b[33mclass\u001b[39m=\u001b[32m\"form-error\"\u001b[39m\n          \u001b[36m>\u001b[39m\n            \u001b[0mSource and destination accounts must be different\u001b[0m\n          \u001b[36m</p>\u001b[39m\n        \u001b[36m</div>\u001b[39m\n        \u001b[36m<div\u001b[39m\n          \u001b[33mclass\u001b[39m=\u001b[32m\"form-section\"\u001b[39m\n        \u001b[36m>\u001b[39m\n          \u001b[36m<label\u001b[39m\n            \u001b[33mclass\u001b[39m=\u001b[32m\"form-label\"\u001b[39m\n          \u001b[36m>\u001b[39m\n            \u001b[0mAmount Type\u001b[0m\n          \u001b[36m</label>\u001b[39m\n          \u001b[36m<div\u001b[39m\n            \u001b[33mclass\u001b[39m=\u001b[32m\"radio-group\"\u001b[39m\n          \u001b[36m>\u001b[39m\n            \u001b[36m<label\u001b[39m\n              \u001b[33mclass\u001b[39m=\u001b[32m\"radio-option\"\u001b[39m\n            \u001b[36m>\u001b[39m\n              \u001b[36m<input\u001b[39m\n                \u001b[33mchecked\u001b[39m=\u001b[32m\"\"\u001b[39m\n                \u001b[33mtype\u001b[39m=\u001b[32m\"radio\"\u001b[39m\n                \u001b[33mvalue\u001b[39m=\u001b[32m\"fixed\"\u001b[39m\n              \u001b[36m/>\u001b[39m\n              \u001b[36m<span\u001b[39m\n                \u001b[33mclass\u001b[39m=\u001b[32m\"radio-label\"\u001b[39m\n              \u001b[36m>\u001b[39m\n                \u001b[0mFixed Amount\u001b[0m\n              \u001b[36m</span>\u001b[39m\n            \u001b[36m</label>\u001b[39m\n            \u001b[36m<label\u001b[39m\n              \u001b[33mclass\u001b[39m=\u001b[32m\"radio-option\"\u001b[39m\n            \u001b[36m>\u001b[39m\n              \u001b[36m<input\u001b[39m\n                \u001b[33mtype\u001b[39m=\u001b[32m\"radio\"\u001b[39m\n                \u001b[33mvalue\u001b[39m=\u001b[32m\"surplus\"\u001b[39m\n              \u001b[36m/>\u001b[39m\n              \u001b[36m<span\u001b[39m\n                \u001b[33mclass\u001b[39m=\u001b[32m\"radio-label\"\u001b[39m\n              \u001b[36m>\u001b[39m\n                \u001b[0mSurplus Above\u001b[0m\n              \u001b[36m</span>\u001b[39m\n            \u001b[36m</label>\u001b[39m\n          \u001b[36m</div>\u001b[39m\n        \u001b[36m</div>\u001b[39m\n        \u001b[36m<div\u001b[39m\n          \u001b[33mclass\u001b[39m=\u001b[32m\"form-section\"\u001b[39m\n        \u001b[36m>\u001b[39m\n          \u001b[36m<label\u001b[39m\n            \u001b[33mclass\u001b[39m=\u001b[32m\"form-label\"\u001b[39m\n            \u001b[33mfor\u001b[39m=\u001b[32m\"amount\"\u001b[39m\n          \u001b[36m>\u001b[39m\n            \u001b[0mAmount\u001b[0m\n          \u001b[36m</label>\u001b[39m\n          \u001b[36m<div\u001b[39m\n            \u001b[33mclass\u001b[39m=\u001b[32m\"amount-input-group\"\u001b[39m\n          \u001b[36m>\u001b[39m\n            \u001b[36m<span\u001b[39m\n              \u001b[33mclass\u001b[39m=\u001b[32m\"currency-symbol\"\u001b[39m\n            \u001b[36m>\u001b[39m\n              \u001b[0m$\u001b[0m\n            \u001b[36m</span>\u001b[39m\n            \u001b[36m<input\u001b[39m\n              \u001b[33mclass\u001b[39m=\u001b[32m\"form-input form-input--error\"\u001b[39m\n              \u001b[33mdata-testid\u001b[39m=\u001b[32m\"amount\"\u001b[39m\n              \u001b[33mid\u001b[39m=\u001b[32m\"amount\"\u001b[39m\n              \u001b[33mmin\u001b[39m=\u001b[32m\"0\"\u001b[39m\n              \u001b[33mplaceholder\u001b[39m=\u001b[32m\"0.00\"\u001b[39m\n              \u001b[33mstep\u001b[39m=\u001b[32m\"0.01\"\u001b[39m\n              \u001b[33mtype\u001b[39m=\u001b[32m\"number\"\u001b[39m\n              \u001b[33mvalue\u001b[39m=\u001b[32m\"\"\u001b[39m\n            \u001b[36m/>\u001b[39m\n          \u001b[36m</div>\u001b[39m\n          \u001b[36m<p\u001b[39m\n            \u001b[33mclass\u001b[39m=\u001b[32m\"form-error\"\u001b[39m\n          \u001b[36m>\u001b[39m\n            \u001b[0mPlease enter a valid amount\u001b[0m\n          \u001b[36m</p>\u001b[39m\n        \u001b[36m</div>\u001b[39m\n        \u001b[36m<div\u001b[39m\n          \u001b[33mclass\u001b[39m=\u001b[32m\"form-section\"\u001b[39m\n        \u001b[36m>\u001b[39m\n          \u001b[36m<label\u001b[39m\n            \u001b[33mclass\u001b[39m=\u001b[32m\"form-label\"\u001b[39m\n            \u001b[33mfor\u001b[39m=\u001b[32m\"description\"\u001b[39m\n          \u001b[36m>\u001b[39m\n            \u001b[0mDescription\u001b[0m\n          \u001b[36m</label>\u001b[39m\n          \u001b[36m<input\u001b[39m\n            \u001b[33mclass\u001b[39m=\u001b[32m\"form-input\"\u001b[39m\n            \u001b[33mdata-testid\u001b[39m=\u001b[32m\"description\"\u001b[39m\n            \u001b[33mid\u001b[39m=\u001b[32m\"description\"\u001b[39m\n            \u001b[33mplaceholder\u001b[39m=\u001b[32m\"Enter transfer description\"\u001b[39m\n            \u001b[33mvalue\u001b[39m=\u001b[32m\"\"\u001b[39m\n          \u001b[36m/>\u001b[39m\n        \u001b[36m</div>\u001b[39m\n        \u001b[36m<div\u001b[39m\n          \u001b[33mclass\u001b[39m=\u001b[32m\"form-actions\"\u001b[39m\n        \u001b[36m>\u001b[39m\n          \u001b[36m<button\u001b[39m\n            \u001b[33mclass\u001b[39m=\u001b[32m\"styled-btn styled-btn--primary styled-btn--lg styled-btn--disabled\"\u001b[39m\n            \u001b[33mdisabled\u001b[39m=\u001b[32m\"\"\u001b[39m\n            \u001b[33mtabindex\u001b[39m=\u001b[32m\"-1\"\u001b[39m\n            \u001b[33mtype\u001b[39m=\u001b[32m\"button\"\u001b[39m\n          \u001b[36m>\u001b[39m\n            \u001b[36m<span\u001b[39m\n              \u001b[33mclass\u001b[39m=\u001b[32m\"styled-btn__label\"\u001b[39m\n            \u001b[36m>\u001b[39m\n              \u001b[0mSave Configuration\u001b[0m\n            \u001b[36m</span>\u001b[39m\n          \u001b[36m</button>\u001b[39m\n        \u001b[36m</div>\u001b[39m\n      \u001b[36m</div>\u001b[39m\n    \u001b[36m</div>\u001b[39m\n  \u001b[36m</div>\u001b[39m\n\u001b[36m</body>\u001b[39m\n    at waitForWrapper (C:\\Users\\marsh\\Desktop\\AlphaFrame\\node_modules\\.pnpm\\@testing-library+dom@9.3.4\\node_modules\\@testing-library\\dom\\dist\\wait-for.js:163:27)\n    at Object.<anonymous> (C:\\Users\\marsh\\Desktop\\AlphaFrame\\apps\\web\\tests\\components\\framesync\\PlaidActionForm.spec.jsx:85:18)\n    at Promise.finally.completed (C:\\Users\\marsh\\Desktop\\AlphaFrame\\node_modules\\.pnpm\\jest-circus@30.0.3\\node_modules\\jest-circus\\build\\jestAdapterInit.js:1559:28)\n    at new Promise (<anonymous>)\n    at callAsyncCircusFn (C:\\Users\\marsh\\Desktop\\AlphaFrame\\node_modules\\.pnpm\\jest-circus@30.0.3\\node_modules\\jest-circus\\build\\jestAdapterInit.js:1499:10)\n    at _callCircusTest (C:\\Users\\marsh\\Desktop\\AlphaFrame\\node_modules\\.pnpm\\jest-circus@30.0.3\\node_modules\\jest-circus\\build\\jestAdapterInit.js:1009:40)\n    at _runTest (C:\\Users\\marsh\\Desktop\\AlphaFrame\\node_modules\\.pnpm\\jest-circus@30.0.3\\node_modules\\jest-circus\\build\\jestAdapterInit.js:949:3)\n    at _runTestsForDescribeBlock (C:\\Users\\marsh\\Desktop\\AlphaFrame\\node_modules\\.pnpm\\jest-circus@30.0.3\\node_modules\\jest-circus\\build\\jestAdapterInit.js:839:13)\n    at _runTestsForDescribeBlock (C:\\Users\\marsh\\Desktop\\AlphaFrame\\node_modules\\.pnpm\\jest-circus@30.0.3\\node_modules\\jest-circus\\build\\jestAdapterInit.js:829:11)\n    at run (C:\\Users\\marsh\\Desktop\\AlphaFrame\\node_modules\\.pnpm\\jest-circus@30.0.3\\node_modules\\jest-circus\\build\\jestAdapterInit.js:757:3)\n    at runAndTransformResultsToJestFormat (C:\\Users\\marsh\\Desktop\\AlphaFrame\\node_modules\\.pnpm\\jest-circus@30.0.3\\node_modules\\jest-circus\\build\\jestAdapterInit.js:1920:21)\n    at jestAdapter (C:\\Users\\marsh\\Desktop\\AlphaFrame\\node_modules\\.pnpm\\jest-circus@30.0.3\\node_modules\\jest-circus\\build\\runner.js:101:19)\n    at runTestInternal (C:\\Users\\marsh\\Desktop\\AlphaFrame\\node_modules\\.pnpm\\jest-runner@30.0.3\\node_modules\\jest-runner\\build\\index.js:272:16)\n    at runTest (C:\\Users\\marsh\\Desktop\\AlphaFrame\\node_modules\\.pnpm\\jest-runner@30.0.3\\node_modules\\jest-runner\\build\\index.js:340:7)"],"fullName":"PlaidActionForm should render form elements","invocations":1,"location":null,"numPassingAsserts":0,"retryReasons":[],"startAt":1751090832490,"status":"failed","title":"should render form elements"},{"ancestorTitles":["PlaidActionForm"],"duration":1027,"failing":false,"failureDetails":[{"name":"TestingLibraryElementError"}],"failureMessages":["Error: Unable to find role=\"button\" and name `/submit/i`\n\nIgnored nodes: comments, script, style\n\u001b[36m<body>\u001b[39m\n  \u001b[36m<div>\u001b[39m\n    \u001b[36m<div\u001b[39m\n      \u001b[33maria-busy\u001b[39m=\u001b[32m\"false\"\u001b[39m\n      \u001b[33maria-disabled\u001b[39m=\u001b[32m\"false\"\u001b[39m\n      \u001b[33maria-label\u001b[39m=\u001b[32m\"Transfer Configuration\"\u001b[39m\n      \u001b[33mclass\u001b[39m=\u001b[32m\"composite-card composite-card--elevated plaid-action-form\"\u001b[39m\n      \u001b[33mrole\u001b[39m=\u001b[32m\"region\"\u001b[39m\n      \u001b[33mstyle\u001b[39m=\u001b[32m\"background: var(--color-surface); border-radius: var(--radius-lg); box-shadow: var(--shadow-light); padding: var(--spacing-lg); margin-bottom: var(--spacing);\"\u001b[39m\n    \u001b[36m>\u001b[39m\n      \u001b[36m<div\u001b[39m\n        \u001b[33mclass\u001b[39m=\u001b[32m\"composite-card__header\"\u001b[39m\n      \u001b[36m>\u001b[39m\n        \u001b[36m<div\u001b[39m\n          \u001b[33mclass\u001b[39m=\u001b[32m\"composite-card__title-area\"\u001b[39m\n        \u001b[36m>\u001b[39m\n          \u001b[36m<h3\u001b[39m\n            \u001b[33mclass\u001b[39m=\u001b[32m\"composite-card__title\"\u001b[39m\n            \u001b[33mid\u001b[39m=\u001b[32m\"card-title-transfer-configuration\"\u001b[39m\n          \u001b[36m>\u001b[39m\n            \u001b[0mTransfer Configuration\u001b[0m\n          \u001b[36m</h3>\u001b[39m\n          \u001b[36m<p\u001b[39m\n            \u001b[33mclass\u001b[39m=\u001b[32m\"composite-card__subtitle\"\u001b[39m\n            \u001b[33mid\u001b[39m=\u001b[32m\"card-subtitle-configure-your-plaid-transfer-settings\"\u001b[39m\n          \u001b[36m>\u001b[39m\n            \u001b[0mConfigure your Plaid transfer settings\u001b[0m\n          \u001b[36m</p>\u001b[39m\n       
[...]
tcher.spec.js\u001b[39m\u001b[0m\u001b[2m:57:4)\u001b[22m\n","name":"C:\\Users\\marsh\\Desktop\\AlphaFrame\\apps\\web\\tests\\integration\\services\\TriggerDispatcher.spec.js","startTime":1751090868403,"status":"failed","summary":""},{"assertionResults":[{"ancestorTitles":[],"duration":3,"failing":false,"failureDetails":[],"failureMessages":[],"fullName":"sanity check","invocations":1,"location":null,"numPassingAsserts":1,"retryReasons":[],"startAt":1751090862293,"status":"passed","title":"sanity check"},{"ancestorTitles":["ExecutionController (unit)"],"duration":2,"failing":false,"failureDetails":[{"matcherResult":{"expected":"mock-transfer-id","message":"\u001b[2mexpect(\u001b[22m\u001b[31mreceived\u001b[39m\u001b[2m).\u001b[22mtoBe\u001b[2m(\u001b[22m\u001b[32mexpected\u001b[39m\u001b[2m) // Object.is equality\u001b[22m\n\nExpected: \u001b[32m\"mock-transfer-id\"\u001b[39m\nReceived: \u001b[31mundefined\u001b[39m","name":"toBe","pass":false}}],"failureMessages":["Error: \u001b[2mexpect(\u001b[22m\u001b[31mreceived\u001b[39m\u001b[2m).\u001b[22mtoBe\u001b[2m(\u001b[22m\u001b[32mexpected\u001b[39m\u001b[2m) // Object.is equality\u001b[22m\n\nExpected: \u001b[32m\"mock-transfer-id\"\u001b[39m\nReceived: \u001b[31mundefined\u001b[39m\n    at Object.toBe (C:\\Users\\marsh\\Desktop\\AlphaFrame\\apps\\web\\tests\\unit\\services\\ExecutionController.test.js:49:32)"],"fullName":"ExecutionController (unit) should execute a PLAID_TRANSFER action and return success","invocations":1,"location":null,"numPassingAsserts":1,"retryReasons":[],"startAt":1751090862298,"status":"failed","title":"should execute a PLAID_TRANSFER action and return success"},{"ancestorTitles":["ExecutionController (unit)"],"duration":8,"failing":false,"failureDetails":[],"failureMessages":[],"fullName":"ExecutionController (unit) should throw for unknown action type","invocations":1,"location":null,"numPassingAsserts":1,"retryReasons":[],"startAt":1751090862304,"status":"passed","title":"should throw for unknown action type"},{"ancestorTitles":["ExecutionController (unit)"],"duration":3,"failing":false,"failureDetails":[],"failureMessages":[],"fullName":"ExecutionController (unit) should throw for invalid action payload","invocations":1,"location":null,"numPassingAsserts":1,"retryReasons":[],"startAt":1751090862315,"status":"passed","title":"should throw for invalid action payload"}],"endTime":1751090862322,"message":"\u001b[1m\u001b[31m  \u001b[1m● \u001b[22m\u001b[1mExecutionController (unit) › should execute a PLAID_TRANSFER action and return success\u001b[39m\u001b[22m\n\n    \u001b[2mexpect(\u001b[22m\u001b[31mreceived\u001b[39m\u001b[2m).\u001b[22mtoBe\u001b[2m(\u001b[22m\u001b[32mexpected\u001b[39m\u001b[2m) // Object.is equality\u001b[22m\n\n    Expected: \u001b[32m\"mock-transfer-id\"\u001b[39m\n    Received: \u001b[31mundefined\u001b[39m\n\u001b[2m\u001b[22m\n\u001b[2m    \u001b[0m \u001b[90m 47 |\u001b[39m     expect(parsed\u001b[33m.\u001b[39msuccess)\u001b[33m.\u001b[39mtoBe(\u001b[36mtrue\u001b[39m)\u001b[33m;\u001b[39m\u001b[22m\n\u001b[2m     \u001b[90m 48 |\u001b[39m     \u001b[36mconst\u001b[39m result \u001b[33m=\u001b[39m \u001b[36mawait\u001b[39m \u001b[33mExecutionController\u001b[39m\u001b[33m.\u001b[39mexecuteAction(action\u001b[33m.\u001b[39mtype\u001b[33m,\u001b[39m action\u001b[33m.\u001b[39mpayload)\u001b[33m;\u001b[39m\u001b[22m\n\u001b[2m    \u001b[31m\u001b[1m>\u001b[22m\u001b[2m\u001b[39m\u001b[90m 49 |\u001b[39m     expect(result\u001b[33m.\u001b[39mtransfer_id)\u001b[33m.\u001b[39mtoBe(\u001b[32m'mock-transfer-id'\u001b[39m)\u001b[33m;\u001b[39m\u001b[22m\n\u001b[2m     \u001b[90m    |\u001b[39m                                \u001b[31m\u001b[1m^\u001b[22m\u001b[2m\u001b[39m\u001b[22m\n\u001b[2m     \u001b[90m 50 |\u001b[39m   })\u001b[33m;\u001b[39m\u001b[22m\n\u001b[2m     \u001b[90m 51 |\u001b[39m\u001b[22m\n\u001b[2m     \u001b[90m 52 |\u001b[39m   it(\u001b[32m'should throw for unknown action type'\u001b[39m\u001b[33m,\u001b[39m \u001b[36masync\u001b[39m () \u001b[33m=>\u001b[39m {\u001b[0m\u001b[22m\n\u001b[2m\u001b[22m\n\u001b[2m      \u001b[2mat Object.toBe (\u001b[22m\u001b[2m\u001b[0m\u001b[36mtests/unit/services/ExecutionController.test.js\u001b[39m\u001b[0m\u001b[2m:49:32)\u001b[22m\u001b[2m\u001b[22m\n","name":"C:\\Users\\marsh\\Desktop\\AlphaFrame\\apps\\web\\tests\\unit\\services\\ExecutionController.test.js","startTime":1751090862024,"status":"failed","summary":""},{"assertionResults":[],"coverage":{},"endTime":1751090868403,"message":"  \u001b[1m● \u001b[22mTest suite failed to run\n\n    Cannot find module '../../../src/lib/services/secureVault' from 'tests/integration/services/ConfirmationModal.spec.js'\n\n    \u001b[0m \u001b[90m 45 |\u001b[39m }))\u001b[33m;\u001b[39m\n     \u001b[90m 46 |\u001b[39m\n    \u001b[31m\u001b[1m>\u001b[22m\u001b[39m\u001b[90m 47 |\u001b[39m jest\u001b[33m.\u001b[39mmock(\u001b[32m'../../../src/lib/services/secureVault'\u001b[39m\u001b[33m,\u001b[39m () \u001b[33m=>\u001b[39m ({\n     \u001b[90m    |\u001b[39m      \u001b[31m\u001b[1m^\u001b[22m\u001b[39m\n     \u001b[90m 48 |\u001b[39m   \u001b[36mget\u001b[39m\u001b[33m:\u001b[39m jest\u001b[33m.\u001b[39mfn(() \u001b[33m=>\u001b[39m \u001b[32m'mock-token'\u001b[39m)\n     \u001b[90m 49 |\u001b[39m }))\u001b[33m;\u001b[39m\n     \u001b[90m 50 |\u001b[39m\u001b[0m\n\n      \u001b[2mat Resolver._throwModNotFoundError (\u001b[22m../../node_modules/.pnpm/jest-resolve@30.0.2/node_modules/jest-resolve/build/index.js\u001b[2m:863:11)\u001b[22m\n      \u001b[2mat Object.mock (\u001b[22m\u001b[0m\u001b[36mtests/integration/services/ConfirmationModal.spec.js\u001b[39m\u001b[0m\u001b[2m:47:6)\u001b[22m\n","name":"C:\\Users\\marsh\\Desktop\\AlphaFrame\\apps\\web\\tests\\integration\\services\\ConfirmationModal.spec.js","startTime":1751090868403,"status":"failed","summary":""},{"assertionResults":[{"ancestorTitles":["ExecutionController"],"duration":2,"failing":false,"failureDetails":[],"failureMessages":[],"fullName":"ExecutionController should execute internal actions","invocations":1,"location":null,"numPassingAsserts":2,"retryReasons":[],"startAt":1751090862869,"status":"passed","title":"should execute internal actions"},{"ancestorTitles":["ExecutionController"],"duration":1,"failing":false,"failureDetails":[],"failureMessages":[],"fullName":"ExecutionController should execute communication actions","invocations":1,"location":null,"numPassingAsserts":2,"retryReasons":[],"startAt":1751090862872,"status":"passed","title":"should execute communication actions"},{"ancestorTitles":["ExecutionController"],"duration":2,"failing":false,"failureDetails":[],"failureMessages":[],"fullName":"ExecutionController should execute Plaid transfer actions","invocations":1,"location":null,"numPassingAsserts":4,"retryReasons":[],"startAt":1751090862874,"status":"passed","title":"should execute Plaid transfer actions"},{"ancestorTitles":["ExecutionController"],"duration":25,"failing":false,"failureDetails":[],"failureMessages":[],"fullName":"ExecutionController should handle Plaid transfer authorization failure","invocations":1,"location":null,"numPassingAsserts":1,"retryReasons":[],"startAt":1751090862879,"status":"passed","title":"should handle Plaid transfer authorization failure"},{"ancestorTitles":["ExecutionController"],"duration":0,"failing":false,"failureDetails":[],"failureMessages":[],"fullName":"ExecutionController should handle Plaid transfer creation failure","invocations":1,"location":null,"numPassingAsserts":1,"retryReasons":[],"startAt":1751090862906,"status":"passed","title":"should handle Plaid transfer creation failure"},{"ancestorTitles":["ExecutionController"],"duration":1,"failing":false,"failureDetails":[],"failureMessages":[],"fullName":"ExecutionController should handle missing Plaid token","invocations":1,"location":null,"numPassingAsserts":1,"retryReasons":[],"startAt":1751090862907,"status":"passed","title":"should handle missing Plaid token"},{"ancestorTitles":["ExecutionController"],"duration":7,"failing":false,"failureDetails":[{"matcherResult":{"message":"\u001b[2mexpect(\u001b[22m\u001b[31mreceived\u001b[39m\u001b[2m).\u001b[22mrejects\u001b[2m.\u001b[22mtoThrow\u001b[2m(\u001b[22m\u001b[32mexpected\u001b[39m\u001b[2m)\u001b[22m\n\nExpected substring: \u001b[32m\"Plaid transfer failed: Network error\"\u001b[39m\nReceived message:   \u001b[31m\"Plaid transfer failed: Plaid API token not found in secure vault\"\u001b[39m\n\n    \u001b[0m \u001b[90m 158 |\u001b[39m     \u001b[36mreturn\u001b[39m transferResponse\u001b[33m.\u001b[39mjson()\u001b[33m;\u001b[39m\n     \u001b[90m 159 |\u001b[39m   } \u001b[36mcatch\u001b[39m (error) {\n    \u001b[31m\u001b[1m>\u001b[22m\u001b[39m\u001b[90m 160 |\u001b[39m     \u001b[36mthrow\u001b[39m \u001b[36mnew\u001b[39m \u001b[33mError\u001b[39m(\u001b[32m`Plaid transfer failed: ${error.message}`\u001b[39m)\u001b[33m;\u001b[39m\n     \u001b[90m     |\u001b[39m           \u001b[31m\u001b[1m^\u001b[22m\u001b[39m\n     \u001b[90m 161 |\u001b[39m   }\n     \u001b[90m 162 |\u001b[39m }\u001b[33m;\u001b[39m\n     \u001b[90m 163 |\u001b[39m\u001b[0m\n\n      \u001b[2mat handlePlaidTransfer (\u001b[22msrc/lib/services/ExecutionController.js\u001b[2m:160:11)\u001b[22m","pass":false},"message":"\u001b[2mexpect(\u001b[22m\u001b[31mreceived\u001b[39m\u001b[2m).\u001b[22mrejects\u001b[2m.\u001b[22mtoThrow\u001b[2m(\u001b[22m\u001b[32mexpected\u001b[39m\u001b[2m)\u001b[22m\n\nExpected substring: \u001b[32m\"Plaid transfer failed: Network error\"\u001b[39m\nReceived message:   \u001b[31m\"Plaid transfer failed: Plaid API token not found in secure vault\"\u001b[39m\n\n    \u001b[0m \u001b[90m 158 |\u001b[39m     \u001b[36mreturn\u001b[39m transferResponse\u001b[33m.\u001b[39mjson()\u001b[33m;\u001b[39m\n     \u001b[90m 159 |\u001b[39m   } \u001b[36mcatch\u001b[39m (error) {\n    \u001b[31m\u001b[1m>\u001b[22m\u001b[39m\u001b[90m 160 |\u001b[39m     \u001b[36mthrow\u001b[39m \u001b[36mnew\u001b[39m \u001b[33mError\u001b[39m(\u001b[32m`Plaid transfer failed: ${error.message}`\u001b[39m)\u001b[33m;\u001b[39m\n     \u001b[90m     |\u001b[39m           \u001b[31m\u001b[1m^\u001b[22m\u001b[39m\n     \u001b[90m 161 |\u001b[39m   }\n     \u001b[90m 162 |\u001b[39m }\u001b[33m;\u001b[39m\n     \u001b[90m 163 |\u001b[39m\u001b[0m\n\n      \u001b[2mat handlePlaidTransfer (\u001b[22msrc/lib/services/ExecutionController.js\u001b[2m:160:11)\u001b[22m"}],"failureMessages":["Error: \u001b[2mexpect(\u001b[22m\u001b[31mreceived\u001b[39m\u001b[2m).\u001b[22mrejects\u001b[2m.\u001b[22mtoThrow\u001b[2m(\u001b[22m\u001b[32mexpected\u001b[39m\u001b[2m)\u001b[22m\n\nExpected substring: \u001b[32m\"Plaid transfer failed: Network error\"\u001b[39m\nReceived message:   \u001b[31m\"Plaid transfer failed: Plaid API token not found in secure vault\"\u001b[39m\n\n    \u001b[0m \u001b[90m 158 |\u001b[39m     \u001b[36mreturn\u001b[39m transferResponse\u001b[33m.\u001b[39mjson()\u001b[33m;\u001b[39m\n     \u001b[90m 159 |\u001b[39m   } \u001b[36mcatch\u001b[39m (error) {\n    \u001b[31m\u001b[1m>\u001b[22m\u001b[39m\u001b[90m 160 |\u001b[39m     \u001b[36mthrow\u001b[39m \u001b[36mnew\u001b[39m \u001b[33mError\u001b[39m(\u001b[32m`Plaid transfer failed: ${error.message}`\u001b[39m)\u001b[33m;\u001b[39m\n     \u001b[90m     |\u001b[39m           \u001b[31m\u001b[1m^\u001b[22m\u001b[39m\n     \u001b[90m 161 |\u001b[39m   }\n     \u001b[90m 162 |\u001b[39m }\u001b[33m;\u001b[39m\n     \u001b[90m 163 |\u001b[39m\u001b[0m\n\n      \u001b[2mat handlePlaidTransfer (\u001b[22msrc/lib/services/ExecutionController.js\u001b[2m:160:11)\u001b[22m\n    at Object.toThrow (C:\\Users\\marsh\\Desktop\\AlphaFrame\\node_modules\\.pnpm\\expect@30.0.3\\node_modules\\expect\\build\\index.js:2151:20)\n    at Object.toThrow (C:\\Users\\marsh\\Desktop\\AlphaFrame\\apps\\web\\tests\\integration\\services\\ExecutionController.spec.js:304:16)\n    at Promise.finally.completed (C:\\Users\\marsh\\Desktop\\AlphaFrame\\node_modules\\.pnpm\\jest-circus@30.0.3\\node_modules\\jest-circus\\build\\jestAdapterInit.js:1559:28)\n    at new Promise (<anonymous>)\n    at callAsyncCircusFn (C:\\Users\\marsh\\Desktop\\AlphaFrame\\node_modules\\.pnpm\\jest-circus@30.0.3\\node_modules\\jest-circus\\build\\jestAdapterInit.js:1499:10)\n    at _callCircusTest (C:\\Users\\marsh\\Desktop\\AlphaFrame\\node_modules\\.pnpm\\jest-circus@30.0.3\\node_modules\\jest-circus\\build\\jestAdapterInit.js:1009:40)\n    at _runTest (C:\\Users\\marsh\\Desktop\\AlphaFrame\\node_modules\\.pnpm\\jest-circus@30.0.3\\node_modules\\jest-circus\\build\\jestAdapterInit.js:949:3)\n    at _runTestsForDescribeBlock (C:\\Users\\marsh\\Desktop\\AlphaFrame\\node_modules\\.pnpm\\jest-circus@30.0.3\\node_modules\\jest-circus\\build\\jestAdapterInit.js:839:13)\n    at _runTestsForDescribeBlock (C:\\Users\\marsh\\Desktop\\AlphaFrame\\node_modules\\.pnpm\\jest-circus@30.0.3\\node_modules\\jest-circus\\build\\jestAdapterInit.js:829:11)\n    at run (C:\\Users\\marsh\\Desktop\\AlphaFrame\\node_modules\\.pnpm\\jest-circus@30.0.3\\node_modules\\jest-circus\\build\\jestAdapterInit.js:757:3)\n    at runAndTransformResultsToJestFormat (C:\\Users\\marsh\\Desktop\\AlphaFrame\\node_modules\\.pnpm\\jest-circus@30.0.3\\node_modules\\jest-circus\\build\\jestAdapterInit.js:1920:21)\n    at jestAdapter (C:\\Users\\marsh\\Desktop\\AlphaFrame\\node_modules\\.pnpm\\jest-circus@30.0.3\\node_modules\\jest-circus\\build\\runner.js:101:19)\n    at runTestInternal (C:\\Users\\marsh\\Desktop\\AlphaFrame\\node_modules\\.pnpm\\jest-runner@30.0.3\\node_modules\\jest-runner\\build\\index.js:272:16)\n    at runTest (C:\\Users\\marsh\\Desktop\\AlphaFrame\\node_modules\\.pnpm\\jest-runner@30.0.3\\node_modules\\jest-runner\\build\\index.js:340:7)"],"fullName":"ExecutionController should handle network errors during Plaid transfer","invocations":1,"location":null,"numPassingAsserts":0,"retryReasons":[],"startAt":1751090862910,"status":"failed","title":"should handle network errors during Plaid transfer"},{"ancestorTitles":["ExecutionController"],"duration":0,"failing":false,"failureDetails":[],"failureMessages":[],"fullName":"ExecutionController should validate action payloads","invocations":1,"location":null,"numPassingAsserts":1,"retryReasons":[],"startAt":1751090862921,"status":"passed","title":"should validate action payloads"},{"ancestorTitles":["ExecutionController"],"duration":1,"failing":false,"failureDetails":[],"failureMessages":[],"fullName":"ExecutionController should handle unhandled action types","invocations":1,"location":null,"numPassingAsserts":1,"retryReasons":[],"startAt":1751090862922,"status":"passed","title":"should handle unhandled action types"},{"ancestorTitles":["ExecutionController"],"duration":1,"failing":false,"failureDetails":[{}],"failureMessages":["Error: Plaid transfer failed: Plaid API token not found in secure vault\n    at handlePlaidTransfer (C:\\Users\\marsh\\Desktop\\AlphaFrame\\apps\\web\\src\\lib\\services\\ExecutionController.js:160:11)"],"fullName":"ExecutionController should require confirmation for high-risk actions","invocations":1,"location":null,"numPassingAsserts":0,"retryReasons":[],"startAt":1751090862923,"status":"failed","title":"should require confirmation for high-risk actions"},{"ancestorTitles":["ExecutionController - Diagnostics"],"duration":4,"failing":false,"failureDetails":[],"failureMessages":[],"fullName":"ExecutionController - Diagnostics should call adjustGoal when ADJUST_GOAL is dispatched","invocations":1,"location":null,"numPassingAsserts":2,"retryReasons":[],"startAt":1751090862924,"status":"passed","title":"should call adjustGoal when ADJUST_GOAL is dispatched"}],"endTime":1751090862939,"message":"\u001b[1m\u001b[31m  \u001b[1m● \u001b[22m\u001b[1mExecutionController › should handle network errors during Plaid transfer\u001b[39m\u001b[22m\n\n    \u001b[2mexpect(\u001b[22m\u001b[31mreceived\u001b[39m\u001b[2m).\u001b[22mrejects\u001b[2m.\u001b[22mtoThrow\u001b[2m(\u001b[22m\u001b[32mexpected\u001b[39m\u001b[2m)\u001b[22m\n\n    Expected substring: \u001b[32m\"Plaid transfer failed: Network error\"\u001b[39m\n    Received message:   \u001b[31m\"Plaid transfer failed: Plaid API token not found in secure vault\"\u001b[39m\n\n        \u001b[0m \u001b[90m 158 |\u001b[39m     \u001b[36mreturn\u001b[39m transferResponse\u001b[33m.\u001b[39mjson()\u001b[33m;\u001b[39m\n         \u001b[90m 159 |\u001b[39m   } \u001b[36mcatch\u001b[39m (error) {\n        \u001b[31m\u001b[1m>\u001b[22m\u001b[39m\u001b[90m 160 |\u001b[39m     \u001b[36mthrow\u001b[39m \u001b[36mnew\u001b[39m \u001b[33mError\u001b[39m(\u001b[32m`Plaid transfer failed: ${error.message}`\u001b[39m)\u001b[33m;\u001b[39m\n         \u001b[90m     |\u001b[39m           \u001b[31m\u001b[1m^\u001b[22m\u001b[39m\n         \u001b[90m 161 |\u001b[39m   }\n         \u001b[90m 162 |\u001b[39m }\u001b[33m;\u001b[39m\n         \u001b[90m 163 |\u001b[39m\u001b[0m\n\n          \u001b[2mat handlePlaidTransfer (\u001b[22msrc/lib/services/ExecutionController.js\u001b[2m:160:11)\u001b[22m\n\u001b[2m\u001b[22m\n\u001b[2m    \u001b[0m \u001b[90m 302 |\u001b[39m     \u001b[90m// Act & Assert\u001b[39m\u001b[22m\n\u001b[2m     \u001b[90m 303 |\u001b[39m     \u001b[36mawait\u001b[39m expect(\u001b[33mExecutionController\u001b[39m\u001b[33m.\u001b[39mexecuteAction(mockAction\u001b[33m.\u001b[39mactionType\u001b[33m,\u001b[39m mockAction\u001b[33m.\u001b[39mpayload))\u001b[22m\n\u001b[2m    \u001b[31m\u001b[1m>\u001b[22m\u001b[2m\u001b[39m\u001b[90m 304 |\u001b[39m       \u001b[33m.\u001b[39mrejects\u001b[33m.\u001b[39mtoThrow(\u001b[32m'Plaid transfer failed: Network error'\u001b[39m)\u001b[33m;\u001b[39m\u001b[22m\n\u001b[2m     \u001b[90m     |\u001b[39m                \u001b[31m\u001b[1m^\u001b[22m\u001b[2m\u001b[39m\u001b[22m\n\u001b[2m     \u001b[90m 305 |\u001b[39m   })\u001b[33m;\u001b[39m\u001b[22m\n\u001b[2m     \u001b[90m 306 |\u001b[39m\u001b[22m\n\u001b[2m     \u001b[90m 307 |\u001b[39m   it(\u001b[32m'should validate action payloads'\u001b[39m\u001b[33m,\u001b[39m \u001b[36masync\u001b[39m () \u001b[33m=>\u001b[39m {\u001b[0m\u001b[22m\n\u001b[2m\u001b[22m\n\u001b[2m      \u001b[2mat Object.toThrow (\u001b[22m\u001b[2m../../node_modules/.pnpm/expect@30.0.3/node_modules/expect/build/index.js\u001b[2m:2151:20)\u001b[22m\u001b[2m\u001b[22m\n\u001b[2m      \u001b[2mat Object.toThrow (\u001b[22m\u001b[2m\u001b[0m\u001b[36mtests/integration/services/ExecutionController.spec.js\u001b[39m\u001b[0m\u001b[2m:304:16)\u001b[22m\u001b[2m\u001b[22m\n\n\u001b[1m\u001b[31m  \u001b[1m● \u001b[22m\u001b[1mExecutionController › should require confirmation for high-risk actions\u001b[39m\u001b[22m\n\n    Plaid transfer failed: Plaid API token not found in secure vault\n\u001b[2m\u001b[22m\n\u001b[2m    \u001b[0m \u001b[90m 158 |\u001b[39m     \u001b[36mreturn\u001b[39m transferResponse\u001b[33m.\u001b[39mjson()\u001b[33m;\u001b[39m\u001b[22m\n\u001b[2m     \u001b[90m 159 |\u001b[39m   } \u001b[36mcatch\u001b[39m (error) {\u001b[22m\n\u001b[2m    \u001b[31m\u001b[1m>\u001b[22m\u001b[2m\u001b[39m\u001b[90m 160 |\u001b[39m     \u001b[36mthrow\u001b[39m \u001b[36mnew\u001b[39m \u001b[33mError\u001b[39m(\u001b[32m`Plaid transfer failed: ${error.message}`\u001b[39m)\u001b[33m;\u001b[39m\u001b[22m\n\u001b[2m     \u001b[90m     |\u001b[39m           \u001b[31m\u001b[1m^\u001b[22m\u001b[2m\u001b[39m\u001b[22m\n\u001b[2m     \u001b[90m 161 |\u001b[39m   }\u001b[22m\n\u001b[2m     \u001b[90m 162 |\u001b[39m }\u001b[33m;\u001b[39m\u001b[22m\n\u001b[2m     \u001b[90m 163 |\u001b[39m\u001b[0m\u001b[22m\n\u001b[2m\u001b[22m\n\u001b[2m      \u001b[2mat handlePlaidTransfer (\u001b[22m\u001b[2msrc/lib/services/ExecutionController.js\u001b[2m:160:11)\u001b[22m\u001b[2m\u001b[22m\n","name":"C:\\Users\\marsh\\Desktop\\AlphaFrame\\apps\\web\\tests\\integration\\services\\ExecutionController.spec.js","startTime":1751090862616,"status":"failed","summary":""}],"wasInterrupted":false}
