{"numFailedTestSuites":1,"numFailedTests":9,"numPassedTestSuites":1,"numPassedTests":15,"numPendingTestSuites":0,"numPendingTests":0,"numRuntimeErrorTestSuites":0,"numTodoTests":0,"numTotalTestSuites":2,"numTotalTests":24,"openHandles":[],"snapshot":{"added":0,"didUpdate":false,"failure":false,"filesAdded":0,"filesRemoved":0,"filesRemovedList":[],"filesUnmatched":0,"filesUpdated":0,"matched":0,"total":0,"unchecked":0,"uncheckedKeysByFile":[],"unmatched":0,"updated":0},"startTime":1751157904693,"success":false,"testResults":[{"assertionResults":[{"ancestorTitles":["FeedbackUploader","Snapshot Generation"],"duration":107,"failing":false,"failureDetails":[{}],"failureMessages":["Error: Failed to generate feedback snapshot\n    at FeedbackUploader.generateSnapshot (C:\\Users\\marsh\\Desktop\\AlphaFrame\\apps\\web\\src\\lib\\services\\FeedbackUploader.js:93:13)\n    at Object.<anonymous> (C:\\Users\\marsh\\Desktop\\AlphaFrame\\apps\\web\\tests\\unit\\services\\FeedbackUploader.test.js:165:24)"],"fullName":"FeedbackUploader Snapshot Generation should generate snapshot with all data types","invocations":1,"location":null,"numPassingAsserts":0,"retryReasons":[],"startAt":1751157907151,"status":"failed","title":"should generate snapshot with all data types"},{"ancestorTitles":["FeedbackUploader","Snapshot Generation"],"duration":1,"failing":false,"failureDetails":[{}],"failureMessages":["Error: Failed to generate feedback snapshot\n    at FeedbackUploader.generateSnapshot (C:\\Users\\marsh\\Desktop\\AlphaFrame\\apps\\web\\src\\lib\\services\\FeedbackUploader.js:93:13)\n    at Object.<anonymous> (C:\\Users\\marsh\\Desktop\\AlphaFrame\\apps\\web\\tests\\unit\\services\\FeedbackUploader.test.js:190:24)"],"fullName":"FeedbackUploader Snapshot Generation should generate snapshot with selected data types only","invocations":1,"location":null,"numPassingAsserts":0,"retryReasons":[],"startAt":1751157907282,"status":"failed","title":"should generate snapshot with selected data types only"},{"ancestorTitles":["FeedbackUploader","Snapshot Generation"],"duration":2,"failing":false,"failureDetails":[{}],"failureMessages":["Error: Failed to generate feedback snapshot\n    at FeedbackUploader.generateSnapshot (C:\\Users\\marsh\\Desktop\\AlphaFrame\\apps\\web\\src\\lib\\services\\FeedbackUploader.js:93:13)\n    at Object.<anonymous> (C:\\Users\\marsh\\Desktop\\AlphaFrame\\apps\\web\\tests\\unit\\services\\FeedbackUploader.test.js:207:24)"],"fullName":"FeedbackUploader Snapshot Generation should handle encryption failure gracefully","invocations":1,"location":null,"numPassingAsserts":0,"retryReasons":[],"startAt":1751157907284,"status":"failed","title":"should handle encryption failure gracefully"},{"ancestorTitles":["FeedbackUploader","Snapshot Generation"],"duration":5,"failing":false,"failureDetails":[{"matcherResult":{"actual":false,"expected":true,"message":"\u001b[2mexpect(\u001b[22m\u001b[31mreceived\u001b[39m\u001b[2m).\u001b[22mtoBe\u001b[2m(\u001b[22m\u001b[32mexpected\u001b[39m\u001b[2m) // Object.is equality\u001b[22m\n\nExpected: \u001b[32mtrue\u001b[39m\nReceived: \u001b[31mfalse\u001b[39m","name":"toBe","pass":false}}],"failureMessages":["Error: \u001b[2mexpect(\u001b[22m\u001b[31mreceived\u001b[39m\u001b[2m).\u001b[22mtoBe\u001b[2m(\u001b[22m\u001b[32mexpected\u001b[39m\u001b[2m) // Object.is equality\u001b[22m\n\nExpected: \u001b[32mtrue\u001b[39m\nReceived: \u001b[31mfalse\u001b[39m\n    at Object.toBe (C:\\Users\\marsh\\Desktop\\AlphaFrame\\apps\\web\\tests\\unit\\services\\FeedbackUploader.test.js:226:34)"],"fullName":"FeedbackUploader Snapshot Generation should handle missing required fields","invocations":1,"location":null,"numPassingAsserts":0,"retryReasons":[],"startAt":1751157907290,"status":"failed","title":"should handle missing required fields"},{"ancestorTitles":["FeedbackUploader","Export Functionality"],"duration":4,"failing":false,"failureDetails":[{"matcherResult":{"message":"\u001b[2mexpect(\u001b[22m\u001b[31mjest.fn()\u001b[39m\u001b[2m).\u001b[22mtoHaveBeenCalledWith\u001b[2m(\u001b[22m\u001b[32m...expected\u001b[39m\u001b[2m)\u001b[22m\n\nExpected: \u001b[32m\"feedback.snapshot.exported\"\u001b[39m, \u001b[32mAny<Object>\u001b[39m\n\nNumber of calls: \u001b[31m0\u001b[39m","pass":false}}],"failureMessages":["Error: \u001b[2mexpect(\u001b[22m\u001b[31mjest.fn()\u001b[39m\u001b[2m).\u001b[22mtoHaveBeenCalledWith\u001b[2m(\u001b[22m\u001b[32m...expected\u001b[39m\u001b[2m)\u001b[22m\n\nExpected: \u001b[32m\"feedback.snapshot.exported\"\u001b[39m, \u001b[32mAny<Object>\u001b[39m\n\nNumber of calls: \u001b[31m0\u001b[39m\n    at Object.toHaveBeenCalledWith (C:\\Users\\marsh\\Desktop\\AlphaFrame\\apps\\web\\tests\\unit\\services\\FeedbackUploader.test.js:245:43)"],"fullName":"FeedbackUploader Export Functionality should export snapshot as file","invocations":1,"location":null,"numPassingAsserts":3,"retryReasons":[],"startAt":1751157907297,"status":"failed","title":"should export snapshot as file"},{"ancestorTitles":["FeedbackUploader","Export Functionality"],"duration":3,"failing":false,"failureDetails":[],"failureMessages":[],"fullName":"FeedbackUploader Export Functionality should export snapshot to clipboard","invocations":1,"location":null,"numPassingAsserts":3,"retryReasons":[],"startAt":1751157907304,"status":"passed","title":"should export snapshot to clipboard"},{"ancestorTitles":["FeedbackUploader","Export Functionality"],"duration":2,"failing":false,"failureDetails":[{"matcherResult":{"message":"\u001b[2mexpect(\u001b[22m\u001b[31mjest.fn()\u001b[39m\u001b[2m).\u001b[22mtoHaveBeenCalled\u001b[2m()\u001b[22m\n\nExpected number of calls: >= \u001b[32m1\u001b[39m\nReceived number of calls:    \u001b[31m0\u001b[39m","pass":false}}],"failureMessages":["Error: \u001b[2mexpect(\u001b[22m\u001b[31mjest.fn()\u001b[39m\u001b[2m).\u001b[22mtoHaveBeenCalled\u001b[2m()\u001b[22m\n\nExpected number of calls: >= \u001b[32m1\u001b[39m\nReceived number of calls:    \u001b[31m0\u001b[39m\n    at Object.toHaveBeenCalled (C:\\Users\\marsh\\Desktop\\AlphaFrame\\apps\\web\\tests\\unit\\services\\FeedbackUploader.test.js:273:48)"],"fullName":"FeedbackUploader Export Functionality should handle export errors","invocations":1,"location":null,"numPassingAsserts":1,"retryReasons":[],"startAt":1751157907309,"status":"failed","title":"should handle export errors"},{"ancestorTitles":["FeedbackUploader","Data Sanitization"],"duration":2,"failing":false,"failureDetails":[],"failureMessages":[],"fullName":"FeedbackUploader Data Sanitization should sanitize logs to remove sensitive information","invocations":1,"location":null,"numPassingAsserts":5,"retryReasons":[],"startAt":1751157907312,"status":"passed","title":"should sanitize logs to remove sensitive information"},{"ancestorTitles":["FeedbackUploader","Data Sanitization"],"duration":1,"failing":false,"failureDetails":[],"failureMessages":[],"fullName":"FeedbackUploader Data Sanitization should sanitize payload with various sensitive field names","invocations":1,"location":null,"numPassingAsserts":6,"retryReasons":[],"startAt":1751157907315,"status":"passed","title":"should sanitize payload with various sensitive field names"},{"ancestorTitles":["FeedbackUploader","Data Sanitization"],"duration":1,"failing":false,"failureDetails":[],"failureMessages":[],"fullName":"FeedbackUploader Data Sanitization should handle null or undefined payloads","invocations":1,"location":null,"numPassingAsserts":2,"retryReasons":[],"startAt":1751157907317,"status":"passed","title":"should handle null or undefined payloads"},{"ancestorTitles":["FeedbackUploader","Financial Summary Generation"],"duration":3,"failing":false,"failureDetails":[{}],"failureMessages":["TypeError: Cannot read properties of undefined (reading 'totalBudget')\n    at Object.totalBudget (C:\\Users\\marsh\\Desktop\\AlphaFrame\\apps\\web\\tests\\unit\\services\\FeedbackUploader.test.js:343:29)"],"fullName":"FeedbackUploader Financial Summary Generation should generate financial summary without personal details","invocations":1,"location":null,"numPassingAsserts":0,"retryReasons":[],"startAt":1751157907319,"status":"failed","title":"should generate financial summary without personal details"},{"ancestorTitles":["FeedbackUploader","Financial Summary Generation"],"duration":2,"failing":false,"failureDetails":[{}],"failureMessages":["TypeError: Cannot read properties of undefined (reading 'totalBudget')\n    at Object.totalBudget (C:\\Users\\marsh\\Desktop\\AlphaFrame\\apps\\web\\tests\\unit\\services\\FeedbackUploader.test.js:357:29)"],"fullName":"FeedbackUploader Financial Summary Generation should handle missing financial data","invocations":1,"location":null,"numPassingAsserts":0,"retryReasons":[],"startAt":1751157907324,"status":"failed","title":"should handle missing financial data"},{"ancestorTitles":["FeedbackUploader","Financial Summary Generation"],"duration":1,"failing":false,"failureDetails":[],"failureMessages":[],"fullName":"FeedbackUploader Financial Summary Generation should handle service errors gracefully","invocations":1,"location":null,"numPassingAsserts":1,"retryReasons":[],"startAt":1751157907327,"status":"passed","title":"should handle service errors gracefully"},{"ancestorTitles":["FeedbackUploader","UI Preferences Collection"],"duration":1,"failing":false,"failureDetails":[],"failureMessages":[],"fullName":"FeedbackUploader UI Preferences Collection should collect UI preferences from localStorage","invocations":1,"location":null,"numPassingAsserts":5,"retryReasons":[],"startAt":1751157907329,"status":"passed","title":"should collect UI preferences from localStorage"},{"ancestorTitles":["FeedbackUploader","UI Preferences Collection"],"duration":1,"failing":false,"failureDetails":[],"failureMessages":[],"fullName":"FeedbackUploader UI Preferences Collection should handle localStorage errors","invocations":1,"location":null,"numPassingAsserts":1,"retryReasons":[],"startAt":1751157907331,"status":"passed","title":"should handle localStorage errors"},{"ancestorTitles":["FeedbackUploader","Performance Metrics Collection"],"duration":29,"failing":false,"failureDetails":[],"failureMessages":[],"fullName":"FeedbackUploader Performance Metrics Collection should collect basic performance metrics","invocations":1,"location":null,"numPassingAsserts":5,"retryReasons":[],"startAt":1751157907332,"status":"passed","title":"should collect basic performance metrics"},{"ancestorTitles":["FeedbackUploader","Performance Metrics Collection"],"duration":0,"failing":false,"failureDetails":[],"failureMessages":[],"fullName":"FeedbackUploader Performance Metrics Collection should handle missing performance APIs","invocations":1,"location":null,"numPassingAsserts":2,"retryReasons":[],"startAt":1751157907363,"status":"passed","title":"should handle missing performance APIs"},{"ancestorTitles":["FeedbackUploader","Snapshot Validation"],"duration":0,"failing":false,"failureDetails":[],"failureMessages":[],"fullName":"FeedbackUploader Snapshot Validation should validate correct snapshot data","invocations":1,"location":null,"numPassingAsserts":1,"retryReasons":[],"startAt":1751157907365,"status":"passed","title":"should validate correct snapshot data"},{"ancestorTitles":["FeedbackUploader","Snapshot Validation"],"duration":1,"failing":false,"failureDetails":[],"failureMessages":[],"fullName":"FeedbackUploader Snapshot Validation should reject invalid snapshot data","invocations":1,"location":null,"numPassingAsserts":3,"retryReasons":[],"startAt":1751157907366,"status":"passed","title":"should reject invalid snapshot data"},{"ancestorTitles":["FeedbackUploader","Snapshot Statistics"],"duration":4,"failing":false,"failureDetails":[],"failureMessages":[],"fullName":"FeedbackUploader Snapshot Statistics should calculate snapshot statistics correctly","invocations":1,"location":null,"numPassingAsserts":4,"retryReasons":[],"startAt":1751157907368,"status":"passed","title":"should calculate snapshot statistics correctly"},{"ancestorTitles":["FeedbackUploader","Snapshot Statistics"],"duration":1,"failing":false,"failureDetails":[],"failureMessages":[],"fullName":"FeedbackUploader Snapshot Statistics should handle statistics calculation errors","invocations":1,"location":null,"numPassingAsserts":1,"retryReasons":[],"startAt":1751157907374,"status":"passed","title":"should handle statistics calculation errors"},{"ancestorTitles":["FeedbackUploader","Error Handling"],"duration":2,"failing":false,"failureDetails":[{"matcherResult":{"message":"\u001b[2mexpect(\u001b[22m\u001b[31mjest.fn()\u001b[39m\u001b[2m).\u001b[22mtoHaveBeenCalledWith\u001b[2m(\u001b[22m\u001b[32m...expected\u001b[39m\u001b[2m)\u001b[22m\n\nExpected: \u001b[32m\"feedback.snapshot.generation.failed\"\u001b[39m, \u001b[32mAny<Error>\u001b[39m, \u001b[32m{\"category\": \"test\", \"feedback\": \"test\", \"includedData\": {\"execution_logs\": true}, \"timestamp\": \"2025-06-29T00:45:07.377Z\"}\u001b[39m\n\nNumber of calls: \u001b[31m0\u001b[39m","pass":false}}],"failureMessages":["Error: \u001b[2mexpect(\u001b[22m\u001b[31mjest.fn()\u001b[39m\u001b[2m).\u001b[22mtoHaveBeenCalledWith\u001b[2m(\u001b[22m\u001b[32m...expected\u001b[39m\u001b[2m)\u001b[22m\n\nExpected: \u001b[32m\"feedback.snapshot.generation.failed\"\u001b[39m, \u001b[32mAny<Error>\u001b[39m, \u001b[32m{\"category\": \"test\", \"feedback\": \"test\", \"includedData\": {\"execution_logs\": true}, \"timestamp\": \"2025-06-29T00:45:07.377Z\"}\u001b[39m\n\nNumber of calls: \u001b[31m0\u001b[39m\n    at Object.toHaveBeenCalledWith (C:\\Users\\marsh\\Desktop\\AlphaFrame\\apps\\web\\tests\\unit\\services\\FeedbackUploader.test.js:512:48)"],"fullName":"FeedbackUploader Error Handling should handle snapshot generation errors","invocations":1,"location":null,"numPassingAsserts":1,"retryReasons":[],"startAt":1751157907376,"status":"failed","title":"should handle snapshot generation errors"},{"ancestorTitles":["FeedbackUploader","Error Handling"],"duration":2,"failing":false,"failureDetails":[],"failureMessages":[],"fullName":"FeedbackUploader Error Handling should handle export errors","invocations":1,"location":null,"numPassingAsserts":1,"retryReasons":[],"startAt":1751157907379,"status":"passed","title":"should handle export errors"}],"endTime":1751157907442,"message":"\u001b[1m\u001b[31m  \u001b[1m● \u001b[22m\u001b[1mFeedbackUploader › Snapshot Generation › should generate snapshot with all data types\u001b[39m\u001b[22m\n\n    Failed to generate feedback snapshot\n\u001b[2m\u001b[22m\n\u001b[2m    \u001b[0m \u001b[90m 91 |\u001b[39m     } \u001b[36mcatch\u001b[39m (error) {\u001b[22m\n\u001b[2m     \u001b[90m 92 |\u001b[39m       \u001b[36mawait\u001b[39m executionLogService\u001b[33m.\u001b[39mlogError(\u001b[32m'feedback.snapshot.generation.failed'\u001b[39m\u001b[33m,\u001b[39m error\u001b[33m,\u001b[39m options)\u001b[33m;\u001b[39m\u001b[22m\n\u001b[2m    \u001b[31m\u001b[1m>\u001b[22m\u001b[2m\u001b[39m\u001b[90m 93 |\u001b[39m       \u001b[36mthrow\u001b[39m \u001b[36mnew\u001b[39m \u001b[33mError\u001b[39m(\u001b[32m'Failed to generate feedback snapshot'\u001b[39m)\u001b[33m;\u001b[39m\u001b[22m\n\u001b[2m     \u001b[90m    |\u001b[39m             \u001b[31m\u001b[1m^\u001b[22m\u001b[2m\u001b[39m\u001b[22m\n\u001b[2m     \u001b[90m 94 |\u001b[39m     }\u001b[22m\n\u001b[2m     \u001b[90m 95 |\u001b[39m   }\u001b[22m\n\u001b[2m     \u001b[90m 96 |\u001b[39m\u001b[0m\u001b[22m\n\u001b[2m\u001b[22m\n\u001b[2m      \u001b[2mat FeedbackUploader.generateSnapshot (\u001b[22m\u001b[2msrc/lib/services/FeedbackUploader.js\u001b[2m:93:13)\u001b[22m\u001b[2m\u001b[22m\n\u001b[2m      \u001b[2mat Object.<anonymous> (\u001b[22m\u001b[2m\u001b[0m\u001b[36mtests/unit/services/FeedbackUploader.test.js\u001b[39m\u001b[0m\u001b[2m:165:24)\u001b[22m\u001b[2m\u001b[22m\n\n\u001b[1m\u001b[31m  \u001b[1m● \u001b[22m\u001b[1mFeedbackUploader › Snapshot Generation › should generate snapshot with selected data types only\u001b[39m\u001b[22m\n\n    Failed to generate feedback snapshot\n\u001b[2m\u001b[22m\n\u001b[2m    \u001b[0m \u001b[90m 91 |\u001b[39m     } \u001b[36mcatch\u001b[39m (error) {\u001b[22m\n\u001b[2m     \u001b[90m 92 |\u001b[39m       \u001b[36mawait\u001b[39m executionLogService\u001b[33m.\u001b[39mlogError(\u001b[32m'feedback.snapshot.generation.failed'\u001b[39m\u001b[33m,\u001b[39m error\u001b[33m,\u001b[39m options)\u001b[33m;\u001b[39m\u001b[22m\n\u001b[2m    \u001b[31m\u001b[1m>\u001b[22m\u001b[2m\u001b[39m\u001b[90m 93 |\u001b[39m       \u001b[36mthrow\u001b[39m \u001b[36mnew\u001b[39m \u001b[33mError\u001b[39m(\u001b[32m'Failed to generate feedback snapshot'\u001b[39m)\u001b[33m;\u001b[39m\u001b[22m\n\u001b[2m     \u001b[90m    |\u001b[39m             \u001b[31m\u001b[1m^\u001b[22m\u001b[2m\u001b[39m\u001b[22m\n\u001b[2m     \u001b[90m 94 |\u001b[39m     }\u001b[22m\n\u001b[2m     \u001b[90m 95 |\u001b[39m   }\u001b[22m\n\u001b[2m     \u001b[90m 96 |\u001b[39m\u001b[0m\u001b[22m\n\u001b[2m\u001b[22m\n\u001b[2m      \u001b[2mat FeedbackUploader.generateSnapshot (\u001b[22m\u001b[2msrc/lib/services/FeedbackUploader.js\u001b[2m:93:13)\u001b[22m\u001b[2m\u001b[22m\n\u001b[2m      \u001b[2mat Object.<anonymous> (\u001b[22m\u001b[2m\u001b[0m\u001b[36mtests/unit/services/FeedbackUploader.test.js\u001b[39m\u001b[0m\u001b[2m:190:24)\u001b[22m\u001b[2m\u001b[22m\n\n\u001b[1m\u001b[31m  \u001b[1m● \u001b[22m\u001b[1mFeedbackUploader › Snapshot Generation › should handle encryption failure gracefully\u001b[39m\u001b[22m\n\n    Failed to generate feedback snapshot\n\u001b[2m\u001b[22m\n\u001b[2m    \u001b[0m \u001b[90m 91 |\u001b[39m     } \u001b[36mcatch\u001b[39m (error) {\u001b[22m\n\u001b[2m     \u001b[90m 92 |\u001b[39m       \u001b[36mawait\u001b[39m executionLogService\u001b[33m.\u001b[39mlogError(\u001b[32m'feedback.snapshot.generation.failed'\u001b[39m\u001b[33m,\u001b[39m error\u001b[33m,\u001b[39m options)\u001b[33m;\u001b[39m\u001b[22m\n\u001b[2m    \u001b[31m\u001b[1m>\u001b[22m\u001b[2m\u001b[39m\u001b[90m 93 |\u001b[39m       \u001b[36mthrow\u001b[39m \u001b[36mnew\u001b[39m \u001b[33mError\u001b[39m(\u001b[32m'Failed to generate feedback snapshot'\u001b[39m)\u001b[33m;\u001b[39m\u001b[22m\n\u001b[2m     \u001b[90m    |\u001b[39m             \u001b[31m\u001b[1m^\u001b[22m\u001b[2m\u001b[39m\u001b[22m\n\u001b[2m     \u001b[90m 94 |\u001b[39m     }\u001b[22m\n\u001b[2m     \u001b[90m 95 |\u001b[39m   }\u001b[22m\n\u001b[2m     \u001b[90m 96 |\u001b[39m\u001b[0m\u001b[22m\n\u001b[2m\u001b[22m\n\u001b[2m      \u001b[2mat FeedbackUploader.generateSnapshot (\u001b[22m\u001b[2msrc/lib/services/FeedbackUploader.js\u001b[2m:93:13)\u001b[22m\u001b[2m\u001b[22m\n\u001b[2m      \u001b[2mat Object.<anonymous> (\u001b[22m\u001b[2m\u001b[0m\u001b[36mtests/unit/services/FeedbackUploader.test.js\u001b[39m\u001b[0m\u001b[2m:207:24)\u001b[22m\u001b[2m\u001b[22m\n\n\u001b[1m\u001b[31m  \u001b[1m● \u001b[22m\u001b[1mFeedbackUploader › Snapshot Generation › should handle missing required fields\u001b[39m\u001b[22m\n\n    \u001b[2mexpect(\u001b[22m\u001b[31mreceived\u001b[39m\u001b[2m).\u001b[22mtoBe\u001b[2m(\u001b[22m\u001b[32mexpected\u001b[39m\u001b[2m) // Object.is equality\u001b[22m\n\n    Expected: \u001b[32mtrue\u001b[39m\n    Received: \u001b[31mfalse\u001b[39m\n\u001b[2m\u001b[22m\n\u001b[2m    \u001b[0m \u001b[90m 224 |\u001b[39m       \u001b[36mconst\u001b[39m snapshot \u001b[33m=\u001b[39m \u001b[36mawait\u001b[39m feedbackUploader\u001b[33m.\u001b[39mgenerateSnapshot(options)\u001b[33m;\u001b[39m\u001b[22m\n\u001b[2m     \u001b[90m 225 |\u001b[39m\u001b[22m\n\u001b[2m    \u001b[31m\u001b[1m>\u001b[22m\u001b[2m\u001b[39m\u001b[90m 226 |\u001b[39m       expect(snapshot\u001b[33m.\u001b[39mencrypted)\u001b[33m.\u001b[39mtoBe(\u001b[36mtrue\u001b[39m)\u001b[33m;\u001b[39m\u001b[22m\n\u001b[2m     \u001b[90m     |\u001b[39m                                  \u001b[31m\u001b[1m^\u001b[22m\u001b[2m\u001b[39m\u001b[22m\n\u001b[2m     \u001b[90m 227 |\u001b[39m       expect(snapshot\u001b[33m.\u001b[39mdata)\u001b[33m.\u001b[39mtoBe(\u001b[32m'encrypted-data'\u001b[39m)\u001b[33m;\u001b[39m\u001b[22m\n\u001b[2m     \u001b[90m 228 |\u001b[39m       expect(snapshot\u001b[33m.\u001b[39mmetadata\u001b[33m.\u001b[39mversion)\u001b[33m.\u001b[39mtoBe(\u001b[32m'1.0'\u001b[39m)\u001b[33m;\u001b[39m\u001b[22m\n\u001b[2m     \u001b[90m 229 |\u001b[39m     })\u001b[33m;\u001b[39m\u001b[0m\u001b[22m\n\u001b[2m\u001b[22m\n\u001b[2m      \u001b[2mat Object.toBe (\u001b[22m\u001b[2m\u001b[0m\u001b[36mtests/unit/services/FeedbackUploader.test.js\u001b[39m\u001b[0m\u001b[2m:226:34)\u001b[22m\u001b[2m\u001b[22m\n\n\u001b[1m\u001b[31m  \u001b[1m● \u001b[22m\u001b[1mFeedbackUploader › Export Functionality › should export snapshot as file\u001b[39m\u001b[22m\n\n    \u001b[2mexpect(\u001b[22m\u001b[31mjest.fn()\u001b[39m\u001b[2m).\u001b[22mtoHaveBeenCalledWith\u001b[2m(\u001b[22m\u001b[32m...expected\u001b[39m\u001b[2m)\u001b[22m\n\n    Expected: \u001b[32m\"feedback.snapshot.exported\"\u001b[39m, \u001b[32mAny<Object>\u001b[39m\n\n    Number of calls: \u001b[31m0\u001b[39m\n\u001b[2m\u001b[22m\n\u001b[2m    \u001b[0m \u001b[90m 243 |\u001b[39m       expect(result\u001b[33m.\u001b[39mformat)\u001b[33m.\u001b[39mtoBe(\u001b[32m'file'\u001b[39m)\u001b[33m;\u001b[39m\u001b[22m\n\u001b[2m     \u001b[90m 244 |\u001b[39m       expect(document\u001b[33m.\u001b[39mcreateElement)\u001b[33m.\u001b[39mtoHaveBeenCalledWith(\u001b[32m'a'\u001b[39m)\u001b[33m;\u001b[39m\u001b[22m\n\u001b[2m    \u001b[31m\u001b[1m>\u001b[22m\u001b[2m\u001b[39m\u001b[90m 245 |\u001b[39m       expect(mockExecutionLogService\u001b[33m.\u001b[39mlog)\u001b[33m.\u001b[39mtoHaveBeenCalledWith(\u001b[32m'feedback.snapshot.exported'\u001b[39m\u001b[33m,\u001b[39m expect\u001b[33m.\u001b[39many(\u001b[33mObject\u001b[39m))\u001b[33m;\u001b[39m\u001b[22m\n\u001b[2m     \u001b[90m     |\u001b[39m                                           \u001b[31m\u001b[1m^\u001b[22m\u001b[2m\u001b[39m\u001b[22m\n\u001b[2m     \u001b[90m 246 |\u001b[39m     })\u001b[33m;\u001b[39m\u001b[22m\n\u001b[2m     \u001b[90m 247 |\u001b[39m\u001b[22m\n\u001b[2m     \u001b[90m 248 |\u001b[39m     it(\u001b[32m'should export snapshot to clipboard'\u001b[39m\u001b[33m,\u001b[39m \u001b[36masync\u001b[39m () \u001b[33m=>\u001b[39m {\u001b[0m\u001b[22m\n\u001b[2m\u001b[22m\n\u001b[2m      \u001b[2mat Object.toHaveBeenCalledWith (\u001b[22m\u001b[2m\u001b[0m\u001b[36mtests/unit/services/FeedbackUploader.test.js\u001b[39m\u001b[0m\u001b[2m:245:43)\u001b[22m\u001b[2m\u001b[22m\n\n\u001b[1m\u001b[31m  \u001b[1m● \u001b[22m\u001b[1mFeedbackUploader › Export Functionality › should handle export errors\u001b[39m\u001b[22m\n\n    \u001b[2mexpect(\u001b[22m\u001b[31mjest.fn()\u001b[39m\u001b[2m).\u001b[22mtoHaveBeenCalled\u001b[2m()\u001b[22m\n\n    Expected number of calls: >= \u001b[32m1\u001b[39m\n    Received number of calls:    \u001b[31m0\u001b[39m\n\u001b[2m\u001b[22m\n\u001b[2m    \u001b[0m \u001b[90m 271 |\u001b[39m         \u001b[33m.\u001b[39mrejects\u001b[33m.\u001b[39mtoThrow(\u001b[32m'Failed to export snapshot in clipboard format'\u001b[39m)\u001b[33m;\u001b[39m\u001b[22m\n\u001b[2m     \u001b[90m 272 |\u001b[39m\u001b[22m\n\u001b[2m    \u001b[31m\u001b[1m>\u001b[22m\u001b[2m\u001b[39m\u001b[90m 273 |\u001b[39m       expect(mockExecutionLogService\u001b[33m.\u001b[39mlogError)\u001b[33m.\u001b[39mtoHaveBeenCalled()\u001b[33m;\u001b[39m\u001b[22m\n\u001b[2m     \u001b[90m     |\u001b[39m                                                \u001b[31m\u001b[1m^\u001b[22m\u001b[2m\u001b[39m\u001b[22m\n\u001b[2m     \u001b[90m 274 |\u001b[39m     })\u001b[33m;\u001b[39m\u001b[22m\n\u001b[2m     \u001b[90m 275 |\u001b[39m   })\u001b[33m;\u001b[39m\u001b[22m\n\u001b[2m     \u001b[90m 276 |\u001b[39m\u001b[0m\u001b[22m\n\u001b[2m\u001b[22m\n\u001b[2m      \u001b[2mat Object.toHaveBeenCalled (\u001b[22m\u001b[2m\u001b[0m\u001b[36mtests/unit/services/FeedbackUploader.test.js\u001b[39m\u001b[0m\u001b[2m:273:48)\u001b[22m\u001b[2m\u001b[22m\n\n\u001b[1m\u001b[31m  \u001b[1m● \u001b[22m\u001b[1mFeedbackUploader › Financial Summary Generation › should generate financial summary without personal details\u001b[39m\u001b[22m\n\n    TypeError: Cannot read properties of undefined (reading 'totalBudget')\n\u001b[2m\u001b[22m\n\u001b[2m    \u001b[0m \u001b[90m 341 |\u001b[39m       \u001b[36mconst\u001b[39m summary \u001b[33m=\u001b[39m \u001b[36mawait\u001b[39m feedbackUploader\u001b[33m.\u001b[39mgenerateFinancialSummary()\u001b[33m;\u001b[39m\u001b[22m\n\u001b[2m     \u001b[90m 342 |\u001b[39m\u001b[22m\n\u001b[2m    \u001b[31m\u001b[1m>\u001b[22m\u001b[2m\u001b[39m\u001b[90m 343 |\u001b[39m       expect(summary\u001b[33m.\u001b[39mbudget\u001b[33m.\u001b[39mtotalBudget)\u001b[33m.\u001b[39mtoBe(\u001b[35m5000\u001b[39m)\u001b[33m;\u001b[39m\u001b[22m\n\u001b[2m     \u001b[90m     |\u001b[39m                             \u001b[31m\u001b[1m^\u001b[22m\u001b[2m\u001b[39m\u001b[22m\n\u001b[2m     \u001b[90m 344 |\u001b[39m       expect(summary\u001b[33m.\u001b[39mbudget\u001b[33m.\u001b[39mcategories)\u001b[33m.\u001b[39mtoBe(\u001b[35m5\u001b[39m)\u001b[33m;\u001b[39m\u001b[22m\n\u001b[2m     \u001b[90m 345 |\u001b[39m       expect(summary\u001b[33m.\u001b[39mcashFlow\u001b[33m.\u001b[39mnetCashFlow)\u001b[33m.\u001b[39mtoBe(\u001b[35m1000\u001b[39m)\u001b[33m;\u001b[39m\u001b[22m\n\u001b[2m     \u001b[90m 346 |\u001b[39m       expect(summary\u001b[33m.\u001b[39msummary\u001b[33m.\u001b[39mhasBudget)\u001b[33m.\u001b[39mtoBe(\u001b[36mtrue\u001b[39m)\u001b[33m;\u001b[39m\u001b[0m\u001b[22m\n\u001b[2m\u001b[22m\n\u001b[2m      \u001b[2mat Object.totalBudget (\u001b[22m\u001b[2m\u001b[0m\u001b[36mtests/unit/services/FeedbackUploader.test.js\u001b[39m\u001b[0m\u001b[2m:343:29)\u001b[22m\u001b[2m\u001b[22m\n\n\u001b[1m\u001b[31m  \u001b[1m● \u001b[22m\u001b[1mFeedbackUploader › Financial Summary Generation › should handle missing financial data\u001b[39m\u001b[22m\n\n    TypeError: Cannot read properties of undefined (reading 'totalBudget')\n\u001b[2m\u001b[22m\n\u001b[2m    \u001b[0m \u001b[90m 355 |\u001b[39m       \u001b[36mconst\u001b[39m summary \u001b[33m=\u001b[39m \u001b[36mawait\u001b[39m feedbackUploader\u001b[33m.\u001b[39mgenerateFinancialSummary()\u001b[33m;\u001b[39m\u001b[22m\n\u001b[2m     \u001b[90m 356 |\u001b[39m\u001b[22m\n\u001b[2m    \u001b[31m\u001b[1m>\u001b[22m\u001b[2m\u001b[39m\u001b[90m 357 |\u001b[39m       expect(summary\u001b[33m.\u001b[39mbudget\u001b[33m.\u001b[39mtotalBudget)\u001b[33m.\u001b[39mtoBeUndefined()\u001b[33m;\u001b[39m\u001b[22m\n\u001b[2m     \u001b[90m     |\u001b[39m                             \u001b[31m\u001b[1m^\u001b[22m\u001b[2m\u001b[39m\u001b[22m\n\u001b[2m     \u001b[90m 358 |\u001b[39m       expect(summary\u001b[33m.\u001b[39msummary\u001b[33m.\u001b[39mhasBudget)\u001b[33m.\u001b[39mtoBe(\u001b[36mfalse\u001b[39m)\u001b[33m;\u001b[39m\u001b[22m\n\u001b[2m     \u001b[90m 359 |\u001b[39m       expect(summary\u001b[33m.\u001b[39msummary\u001b[33m.\u001b[39mhasCashFlow)\u001b[33m.\u001b[39mtoBe(\u001b[36mfalse\u001b[39m)\u001b[33m;\u001b[39m\u001b[22m\n\u001b[2m     \u001b[90m 360 |\u001b[39m     })\u001b[33m;\u001b[39m\u001b[0m\u001b[22m\n\u001b[2m\u001b[22m\n\u001b[2m      \u001b[2mat Object.totalBudget (\u001b[22m\u001b[2m\u001b[0m\u001b[36mtests/unit/services/FeedbackUploader.test.js\u001b[39m\u001b[0m\u001b[2m:357:29)\u001b[22m\u001b[2m\u001b[22m\n\n\u001b[1m\u001b[31m  \u001b[1m● \u001b[22m\u001b[1mFeedbackUploader › Error Handling › should handle snapshot generation errors\u001b[39m\u001b[22m\n\n    \u001b[2mexpect(\u001b[22m\u001b[31mjest.fn()\u001b[39m\u001b[2m).\u001b[22mtoHaveBeenCalledWith\u001b[2m(\u001b[22m\u001b[32m...expected\u001b[39m\u001b[2m)\u001b[22m\n\n    Expected: \u001b[32m\"feedback.snapshot.generation.failed\"\u001b[39m, \u001b[32mAny<Error>\u001b[39m, \u001b[32m{\"category\": \"test\", \"feedback\": \"test\", \"includedData\": {\"execution_logs\": true}, \"timestamp\": \"2025-06-29T00:45:07.377Z\"}\u001b[39m\n\n    Number of calls: \u001b[31m0\u001b[39m\n\u001b[2m\u001b[22m\n\u001b[2m    \u001b[0m \u001b[90m 510 |\u001b[39m         \u001b[33m.\u001b[39mrejects\u001b[33m.\u001b[39mtoThrow(\u001b[32m'Failed to generate feedback snapshot'\u001b[39m)\u001b[33m;\u001b[39m\u001b[22m\n\u001b[2m     \u001b[90m 511 |\u001b[39m\u001b[22m\n\u001b[2m    \u001b[31m\u001b[1m>\u001b[22m\u001b[2m\u001b[39m\u001b[90m 512 |\u001b[39m       expect(mockExecutionLogService\u001b[33m.\u001b[39mlogError)\u001b[33m.\u001b[39mtoHaveBeenCalledWith(\u001b[22m\n\u001b[2m     \u001b[90m     |\u001b[39m                                                \u001b[31m\u001b[1m^\u001b[22m\u001b[2m\u001b[39m\u001b[22m\n\u001b[2m     \u001b[90m 513 |\u001b[39m         \u001b[32m'feedback.snapshot.generation.failed'\u001b[39m\u001b[33m,\u001b[39m\u001b[22m\n\u001b[2m     \u001b[90m 514 |\u001b[39m         expect\u001b[33m.\u001b[39many(\u001b[33mError\u001b[39m)\u001b[33m,\u001b[39m\u001b[22m\n\u001b[2m     \u001b[90m 515 |\u001b[39m         options\u001b[0m\u001b[22m\n\u001b[2m\u001b[22m\n\u001b[2m      \u001b[2mat Object.toHaveBeenCalledWith (\u001b[22m\u001b[2m\u001b[0m\u001b[36mtests/unit/services/FeedbackUploader.test.js\u001b[39m\u001b[0m\u001b[2m:512:48)\u001b[22m\u001b[2m\u001b[22m\n","name":"C:\\Users\\marsh\\Desktop\\AlphaFrame\\apps\\web\\tests\\unit\\services\\FeedbackUploader.test.js","startTime":1751157905610,"status":"failed","summary":""},{"assertionResults":[{"ancestorTitles":["FeedbackUploader Unit"],"duration":0,"failing":false,"failureDetails":[],"failureMessages":[],"fullName":"FeedbackUploader Unit should be implemented","invocations":1,"location":null,"numPassingAsserts":1,"retryReasons":[],"startAt":1751157907649,"status":"passed","title":"should be implemented"}],"endTime":1751157907651,"message":"","name":"C:\\Users\\marsh\\Desktop\\AlphaFrame\\apps\\web\\src\\tests\\unit\\services\\FeedbackUploader.test.js","startTime":1751157907487,"status":"passed","summary":""}],"wasInterrupted":false}
